<?xml version="1.0" encoding="UTF-8"?>
<coverage generated="1700646823502" clover="3.2.0">
  <project timestamp="1700646823503" name="All files">
    <metrics statements="329" coveredstatements="215" conditionals="112" coveredconditionals="57" methods="120" coveredmethods="52" elements="561" coveredelements="324" complexity="0" loc="329" ncloc="329" packages="19" files="44" classes="44"/>
    <package name="QsrApp">
      <metrics statements="2" coveredstatements="2" conditionals="0" coveredconditionals="0" methods="1" coveredmethods="1"/>
      <file name="App.tsx" path="C:\Users\rutujabp\Cariparma\QsrApp\App.tsx">
        <metrics statements="2" coveredstatements="2" conditionals="0" coveredconditionals="0" methods="1" coveredmethods="1"/>
        <line num="9" count="1" type="stmt"/>
        <line num="10" count="2" type="stmt"/>
      </file>
    </package>
    <package name="QsrApp.src.components.CustomButton">
      <metrics statements="3" coveredstatements="3" conditionals="4" coveredconditionals="2" methods="1" coveredmethods="1"/>
      <file name="CustomButton.tsx" path="C:\Users\rutujabp\Cariparma\QsrApp\src\components\CustomButton\CustomButton.tsx">
        <metrics statements="2" coveredstatements="2" conditionals="4" coveredconditionals="2" methods="1" coveredmethods="1"/>
        <line num="22" count="7" type="stmt"/>
        <line num="29" count="42" type="stmt"/>
      </file>
      <file name="styles.ts" path="C:\Users\rutujabp\Cariparma\QsrApp\src\components\CustomButton\styles.ts">
        <metrics statements="1" coveredstatements="1" conditionals="0" coveredconditionals="0" methods="0" coveredmethods="0"/>
        <line num="6" count="7" type="stmt"/>
      </file>
    </package>
    <package name="QsrApp.src.components.CustomCartElement">
      <metrics statements="15" coveredstatements="11" conditionals="4" coveredconditionals="1" methods="4" coveredmethods="3"/>
      <file name="CustomCartElement.tsx" path="C:\Users\rutujabp\Cariparma\QsrApp\src\components\CustomCartElement\CustomCartElement.tsx">
        <metrics statements="14" coveredstatements="10" conditionals="4" coveredconditionals="1" methods="4" coveredmethods="3"/>
        <line num="20" count="3" type="stmt"/>
        <line num="28" count="9" type="stmt"/>
        <line num="29" count="9" type="stmt"/>
        <line num="30" count="1" type="stmt"/>
        <line num="33" count="1" type="stmt"/>
        <line num="37" count="9" type="stmt"/>
        <line num="38" count="0" type="stmt"/>
        <line num="41" count="0" type="cond" truecount="0" falsecount="2"/>
        <line num="42" count="0" type="stmt"/>
        <line num="44" count="0" type="stmt"/>
        <line num="48" count="9" type="stmt"/>
        <line num="49" count="1" type="stmt"/>
        <line num="52" count="1" type="stmt"/>
        <line num="54" count="9" type="stmt"/>
      </file>
      <file name="styles.ts" path="C:\Users\rutujabp\Cariparma\QsrApp\src\components\CustomCartElement\styles.ts">
        <metrics statements="1" coveredstatements="1" conditionals="0" coveredconditionals="0" methods="0" coveredmethods="0"/>
        <line num="6" count="3" type="stmt"/>
      </file>
    </package>
    <package name="QsrApp.src.components.CustomCategory">
      <metrics statements="3" coveredstatements="3" conditionals="2" coveredconditionals="1" methods="1" coveredmethods="1"/>
      <file name="CustomCategory.tsx" path="C:\Users\rutujabp\Cariparma\QsrApp\src\components\CustomCategory\CustomCategory.tsx">
        <metrics statements="2" coveredstatements="2" conditionals="2" coveredconditionals="1" methods="1" coveredmethods="1"/>
        <line num="12" count="3" type="stmt"/>
        <line num="18" count="10" type="stmt"/>
      </file>
      <file name="styles.ts" path="C:\Users\rutujabp\Cariparma\QsrApp\src\components\CustomCategory\styles.ts">
        <metrics statements="1" coveredstatements="1" conditionals="0" coveredconditionals="0" methods="0" coveredmethods="0"/>
        <line num="6" count="3" type="stmt"/>
      </file>
    </package>
    <package name="QsrApp.src.components.CustomCategoryElements">
      <metrics statements="3" coveredstatements="3" conditionals="2" coveredconditionals="1" methods="1" coveredmethods="1"/>
      <file name="CustomCategoryElements.tsx" path="C:\Users\rutujabp\Cariparma\QsrApp\src\components\CustomCategoryElements\CustomCategoryElements.tsx">
        <metrics statements="2" coveredstatements="2" conditionals="2" coveredconditionals="1" methods="1" coveredmethods="1"/>
        <line num="16" count="3" type="stmt"/>
        <line num="25" count="7" type="stmt"/>
      </file>
      <file name="styles.ts" path="C:\Users\rutujabp\Cariparma\QsrApp\src\components\CustomCategoryElements\styles.ts">
        <metrics statements="1" coveredstatements="1" conditionals="0" coveredconditionals="0" methods="0" coveredmethods="0"/>
        <line num="5" count="3" type="stmt"/>
      </file>
    </package>
    <package name="QsrApp.src.components.CustomIconButton">
      <metrics statements="3" coveredstatements="3" conditionals="10" coveredconditionals="5" methods="1" coveredmethods="1"/>
      <file name="CustomIconButton.tsx" path="C:\Users\rutujabp\Cariparma\QsrApp\src\components\CustomIconButton\CustomIconButton.tsx">
        <metrics statements="2" coveredstatements="2" conditionals="10" coveredconditionals="5" methods="1" coveredmethods="1"/>
        <line num="19" count="5" type="stmt"/>
        <line num="30" count="26" type="stmt"/>
      </file>
      <file name="styles.ts" path="C:\Users\rutujabp\Cariparma\QsrApp\src\components\CustomIconButton\styles.ts">
        <metrics statements="1" coveredstatements="1" conditionals="0" coveredconditionals="0" methods="0" coveredmethods="0"/>
        <line num="5" count="5" type="stmt"/>
      </file>
    </package>
    <package name="QsrApp.src.components.CustomProductOffers">
      <metrics statements="3" coveredstatements="3" conditionals="2" coveredconditionals="1" methods="1" coveredmethods="1"/>
      <file name="CustomProductsOffers.tsx" path="C:\Users\rutujabp\Cariparma\QsrApp\src\components\CustomProductOffers\CustomProductsOffers.tsx">
        <metrics statements="2" coveredstatements="2" conditionals="2" coveredconditionals="1" methods="1" coveredmethods="1"/>
        <line num="14" count="4" type="stmt"/>
        <line num="21" count="23" type="stmt"/>
      </file>
      <file name="styles.ts" path="C:\Users\rutujabp\Cariparma\QsrApp\src\components\CustomProductOffers\styles.ts">
        <metrics statements="1" coveredstatements="1" conditionals="0" coveredconditionals="0" methods="0" coveredmethods="0"/>
        <line num="6" count="4" type="stmt"/>
      </file>
    </package>
    <package name="QsrApp.src.components.CustomTextInput">
      <metrics statements="8" coveredstatements="7" conditionals="12" coveredconditionals="10" methods="3" coveredmethods="2"/>
      <file name="CustomTextInput.tsx" path="C:\Users\rutujabp\Cariparma\QsrApp\src\components\CustomTextInput\CustomTextInput.tsx">
        <metrics statements="7" coveredstatements="6" conditionals="12" coveredconditionals="10" methods="3" coveredmethods="2"/>
        <line num="23" count="4" type="stmt"/>
        <line num="24" count="126" type="cond" truecount="2" falsecount="0"/>
        <line num="25" count="126" type="stmt"/>
        <line num="29" count="126" type="stmt"/>
        <line num="30" count="0" type="stmt"/>
        <line num="33" count="126" type="stmt"/>
        <line num="46" count="1" type="stmt"/>
      </file>
      <file name="styles.ts" path="C:\Users\rutujabp\Cariparma\QsrApp\src\components\CustomTextInput\styles.ts">
        <metrics statements="1" coveredstatements="1" conditionals="0" coveredconditionals="0" methods="0" coveredmethods="0"/>
        <line num="5" count="4" type="stmt"/>
      </file>
    </package>
    <package name="QsrApp.src.navigations">
      <metrics statements="11" coveredstatements="9" conditionals="2" coveredconditionals="1" methods="4" coveredmethods="3"/>
      <file name="AppNavigation.tsx" path="C:\Users\rutujabp\Cariparma\QsrApp\src\navigations\AppNavigation.tsx">
        <metrics statements="3" coveredstatements="1" conditionals="0" coveredconditionals="0" methods="1" coveredmethods="0"/>
        <line num="11" count="1" type="stmt"/>
        <line num="14" count="0" type="stmt"/>
        <line num="15" count="0" type="stmt"/>
      </file>
      <file name="AuthNavigation.tsx" path="C:\Users\rutujabp\Cariparma\QsrApp\src\navigations\AuthNavigation.tsx">
        <metrics statements="3" coveredstatements="3" conditionals="0" coveredconditionals="0" methods="1" coveredmethods="1"/>
        <line num="11" count="1" type="stmt"/>
        <line num="13" count="1" type="stmt"/>
        <line num="14" count="2" type="stmt"/>
      </file>
      <file name="rootNavigation.tsx" path="C:\Users\rutujabp\Cariparma\QsrApp\src\navigations\rootNavigation.tsx">
        <metrics statements="5" coveredstatements="5" conditionals="2" coveredconditionals="1" methods="2" coveredmethods="2"/>
        <line num="9" count="1" type="stmt"/>
        <line num="10" count="2" type="stmt"/>
        <line num="11" count="2" type="stmt"/>
        <line num="12" count="1" type="stmt"/>
        <line num="14" count="1" type="stmt"/>
      </file>
    </package>
    <package name="QsrApp.src.redux">
      <metrics statements="105" coveredstatements="54" conditionals="28" coveredconditionals="2" methods="30" coveredmethods="5"/>
      <file name="action.ts" path="C:\Users\rutujabp\Cariparma\QsrApp\src\redux\action.ts">
        <metrics statements="36" coveredstatements="36" conditionals="0" coveredconditionals="0" methods="18" coveredmethods="2"/>
        <line num="1" count="10" type="stmt"/>
        <line num="2" count="10" type="stmt"/>
        <line num="3" count="10" type="stmt"/>
        <line num="4" count="10" type="stmt"/>
        <line num="5" count="10" type="stmt"/>
        <line num="6" count="10" type="stmt"/>
        <line num="7" count="10" type="stmt"/>
        <line num="8" count="10" type="stmt"/>
        <line num="9" count="10" type="stmt"/>
        <line num="10" count="10" type="stmt"/>
        <line num="11" count="10" type="stmt"/>
        <line num="12" count="10" type="stmt"/>
        <line num="13" count="10" type="stmt"/>
        <line num="14" count="10" type="stmt"/>
        <line num="15" count="10" type="stmt"/>
        <line num="16" count="10" type="stmt"/>
        <line num="17" count="10" type="stmt"/>
        <line num="18" count="10" type="stmt"/>
        <line num="21" count="10" type="stmt"/>
        <line num="26" count="10" type="stmt"/>
        <line num="31" count="10" type="stmt"/>
        <line num="36" count="10" type="stmt"/>
        <line num="41" count="10" type="stmt"/>
        <line num="46" count="10" type="stmt"/>
        <line num="51" count="10" type="stmt"/>
        <line num="55" count="10" type="stmt"/>
        <line num="60" count="10" type="stmt"/>
        <line num="65" count="10" type="stmt"/>
        <line num="70" count="10" type="stmt"/>
        <line num="75" count="10" type="stmt"/>
        <line num="80" count="10" type="stmt"/>
        <line num="85" count="10" type="stmt"/>
        <line num="90" count="10" type="stmt"/>
        <line num="95" count="10" type="stmt"/>
        <line num="100" count="10" type="stmt"/>
        <line num="105" count="10" type="stmt"/>
      </file>
      <file name="reducer.ts" path="C:\Users\rutujabp\Cariparma\QsrApp\src\redux\reducer.ts">
        <metrics statements="38" coveredstatements="5" conditionals="28" coveredconditionals="2" methods="4" coveredmethods="1"/>
        <line num="24" count="3" type="stmt"/>
        <line num="33" count="3" type="cond" truecount="1" falsecount="0"/>
        <line num="34" count="15" type="cond" truecount="1" falsecount="18"/>
        <line num="36" count="0" type="stmt"/>
        <line num="41" count="0" type="stmt"/>
        <line num="47" count="0" type="stmt"/>
        <line num="53" count="0" type="stmt"/>
        <line num="59" count="0" type="stmt"/>
        <line num="66" count="0" type="stmt"/>
        <line num="73" count="0" type="stmt"/>
        <line num="78" count="0" type="stmt"/>
        <line num="85" count="0" type="stmt"/>
        <line num="92" count="0" type="stmt"/>
        <line num="97" count="0" type="stmt"/>
        <line num="98" count="0" type="stmt"/>
        <line num="99" count="0" type="cond" truecount="0" falsecount="2"/>
        <line num="103" count="0" type="stmt"/>
        <line num="106" count="0" type="cond" truecount="0" falsecount="2"/>
        <line num="107" count="0" type="stmt"/>
        <line num="116" count="0" type="stmt"/>
        <line num="118" count="0" type="stmt"/>
        <line num="124" count="0" type="stmt"/>
        <line num="130" count="0" type="stmt"/>
        <line num="135" count="0" type="stmt"/>
        <line num="136" count="0" type="stmt"/>
        <line num="137" count="0" type="cond" truecount="0" falsecount="2"/>
        <line num="140" count="0" type="stmt"/>
        <line num="143" count="0" type="cond" truecount="0" falsecount="2"/>
        <line num="145" count="0" type="stmt"/>
        <line num="148" count="0" type="stmt"/>
        <line num="154" count="0" type="stmt"/>
        <line num="160" count="0" type="stmt"/>
        <line num="165" count="0" type="stmt"/>
        <line num="167" count="0" type="stmt"/>
        <line num="169" count="0" type="stmt"/>
        <line num="174" count="0" type="stmt"/>
        <line num="181" count="15" type="stmt"/>
        <line num="185" count="3" type="stmt"/>
      </file>
      <file name="rootSaga.ts" path="C:\Users\rutujabp\Cariparma\QsrApp\src\redux\rootSaga.ts">
        <metrics statements="1" coveredstatements="1" conditionals="0" coveredconditionals="0" methods="1" coveredmethods="1"/>
        <line num="5" count="3" type="stmt"/>
      </file>
      <file name="saga.ts" path="C:\Users\rutujabp\Cariparma\QsrApp\src\redux\saga.ts">
        <metrics statements="24" coveredstatements="6" conditionals="0" coveredconditionals="0" methods="7" coveredmethods="1"/>
        <line num="24" count="0" type="stmt"/>
        <line num="25" count="0" type="stmt"/>
        <line num="27" count="0" type="stmt"/>
        <line num="32" count="0" type="stmt"/>
        <line num="33" count="0" type="stmt"/>
        <line num="35" count="0" type="stmt"/>
        <line num="40" count="0" type="stmt"/>
        <line num="41" count="0" type="stmt"/>
        <line num="43" count="0" type="stmt"/>
        <line num="48" count="0" type="stmt"/>
        <line num="49" count="0" type="stmt"/>
        <line num="51" count="0" type="stmt"/>
        <line num="56" count="0" type="stmt"/>
        <line num="57" count="0" type="stmt"/>
        <line num="59" count="0" type="stmt"/>
        <line num="64" count="0" type="stmt"/>
        <line num="65" count="0" type="stmt"/>
        <line num="67" count="0" type="stmt"/>
        <line num="74" count="3" type="stmt"/>
        <line num="75" count="3" type="stmt"/>
        <line num="76" count="3" type="stmt"/>
        <line num="77" count="3" type="stmt"/>
        <line num="78" count="3" type="stmt"/>
        <line num="79" count="3" type="stmt"/>
      </file>
      <file name="store.ts" path="C:\Users\rutujabp\Cariparma\QsrApp\src\redux\store.ts">
        <metrics statements="6" coveredstatements="6" conditionals="0" coveredconditionals="0" methods="0" coveredmethods="0"/>
        <line num="7" count="3" type="stmt"/>
        <line num="8" count="3" type="stmt"/>
        <line num="13" count="3" type="stmt"/>
        <line num="14" count="3" type="stmt"/>
        <line num="15" count="3" type="stmt"/>
        <line num="16" count="3" type="stmt"/>
      </file>
    </package>
    <package name="QsrApp.src.screens.CartScreen">
      <metrics statements="23" coveredstatements="22" conditionals="4" coveredconditionals="3" methods="8" coveredmethods="7"/>
      <file name="CartScreen.tsx" path="C:\Users\rutujabp\Cariparma\QsrApp\src\screens\CartScreen\CartScreen.tsx">
        <metrics statements="22" coveredstatements="21" conditionals="4" coveredconditionals="3" methods="8" coveredmethods="7"/>
        <line num="13" count="2" type="stmt"/>
        <line num="14" count="9" type="stmt"/>
        <line num="15" count="6" type="stmt"/>
        <line num="16" count="6" type="stmt"/>
        <line num="17" count="6" type="stmt"/>
        <line num="19" count="6" type="stmt"/>
        <line num="20" count="3" type="stmt"/>
        <line num="21" count="3" type="stmt"/>
        <line num="22" count="6" type="stmt"/>
        <line num="23" count="6" type="stmt"/>
        <line num="25" count="3" type="cond" truecount="1" falsecount="1"/>
        <line num="26" count="0" type="stmt"/>
        <line num="30" count="6" type="stmt"/>
        <line num="31" count="3" type="stmt"/>
        <line num="32" count="3" type="stmt"/>
        <line num="34" count="3" type="stmt"/>
        <line num="35" count="6" type="stmt"/>
        <line num="36" count="6" type="stmt"/>
        <line num="38" count="3" type="stmt"/>
        <line num="39" count="3" type="stmt"/>
        <line num="42" count="6" type="cond" truecount="2" falsecount="0"/>
        <line num="49" count="6" type="stmt"/>
      </file>
      <file name="styles.ts" path="C:\Users\rutujabp\Cariparma\QsrApp\src\screens\CartScreen\styles.ts">
        <metrics statements="1" coveredstatements="1" conditionals="0" coveredconditionals="0" methods="0" coveredmethods="0"/>
        <line num="6" count="2" type="stmt"/>
      </file>
    </package>
    <package name="QsrApp.src.screens.CategoryScreen">
      <metrics statements="12" coveredstatements="8" conditionals="0" coveredconditionals="0" methods="6" coveredmethods="3"/>
      <file name="CategoryScreen.tsx" path="C:\Users\rutujabp\Cariparma\QsrApp\src\screens\CategoryScreen\CategoryScreen.tsx">
        <metrics statements="11" coveredstatements="7" conditionals="0" coveredconditionals="0" methods="6" coveredmethods="3"/>
        <line num="9" count="2" type="stmt"/>
        <line num="10" count="3" type="stmt"/>
        <line num="12" count="2" type="stmt"/>
        <line num="13" count="4" type="stmt"/>
        <line num="14" count="2" type="stmt"/>
        <line num="15" count="0" type="stmt"/>
        <line num="16" count="0" type="stmt"/>
        <line num="19" count="2" type="stmt"/>
        <line num="25" count="4" type="stmt"/>
        <line num="33" count="0" type="stmt"/>
        <line num="36" count="0" type="stmt"/>
      </file>
      <file name="styles.ts" path="C:\Users\rutujabp\Cariparma\QsrApp\src\screens\CategoryScreen\styles.ts">
        <metrics statements="1" coveredstatements="1" conditionals="0" coveredconditionals="0" methods="0" coveredmethods="0"/>
        <line num="7" count="2" type="stmt"/>
      </file>
    </package>
    <package name="QsrApp.src.screens.HomeScreen">
      <metrics statements="39" coveredstatements="23" conditionals="2" coveredconditionals="1" methods="20" coveredmethods="7"/>
      <file name="HomeScreen.tsx" path="C:\Users\rutujabp\Cariparma\QsrApp\src\screens\HomeScreen\HomeScreen.tsx">
        <metrics statements="38" coveredstatements="22" conditionals="2" coveredconditionals="1" methods="20" coveredmethods="7"/>
        <line num="18" count="2" type="stmt"/>
        <line num="19" count="3" type="stmt"/>
        <line num="20" count="2" type="stmt"/>
        <line num="21" count="2" type="stmt"/>
        <line num="22" count="2" type="stmt"/>
        <line num="23" count="2" type="stmt"/>
        <line num="24" count="2" type="stmt"/>
        <line num="25" count="2" type="stmt"/>
        <line num="28" count="2" type="stmt"/>
        <line num="29" count="0" type="stmt"/>
        <line num="33" count="2" type="stmt"/>
        <line num="34" count="0" type="stmt"/>
        <line num="35" count="0" type="stmt"/>
        <line num="37" count="0" type="stmt"/>
        <line num="40" count="2" type="stmt"/>
        <line num="41" count="0" type="stmt"/>
        <line num="44" count="2" type="stmt"/>
        <line num="45" count="0" type="stmt"/>
        <line num="46" count="0" type="stmt"/>
        <line num="48" count="2" type="stmt"/>
        <line num="49" count="1" type="stmt"/>
        <line num="50" count="1" type="stmt"/>
        <line num="53" count="2" type="stmt"/>
        <line num="54" count="0" type="stmt"/>
        <line num="58" count="2" type="stmt"/>
        <line num="72" count="0" type="stmt"/>
        <line num="73" count="1" type="stmt"/>
        <line num="76" count="0" type="stmt"/>
        <line num="77" count="0" type="stmt"/>
        <line num="80" count="4" type="stmt"/>
        <line num="102" count="0" type="stmt"/>
        <line num="103" count="0" type="stmt"/>
        <line num="121" count="6" type="stmt"/>
        <line num="140" count="8" type="stmt"/>
        <line num="145" count="0" type="stmt"/>
        <line num="155" count="0" type="stmt"/>
        <line num="161" count="8" type="stmt"/>
        <line num="167" count="0" type="stmt"/>
      </file>
      <file name="styles.ts" path="C:\Users\rutujabp\Cariparma\QsrApp\src\screens\HomeScreen\styles.ts">
        <metrics statements="1" coveredstatements="1" conditionals="0" coveredconditionals="0" methods="0" coveredmethods="0"/>
        <line num="6" count="2" type="stmt"/>
      </file>
    </package>
    <package name="QsrApp.src.screens.LoginScreen">
      <metrics statements="23" coveredstatements="15" conditionals="18" coveredconditionals="10" methods="9" coveredmethods="6"/>
      <file name="LoginScreen.tsx" path="C:\Users\rutujabp\Cariparma\QsrApp\src\screens\LoginScreen\LoginScreen.tsx">
        <metrics statements="22" coveredstatements="14" conditionals="18" coveredconditionals="10" methods="9" coveredmethods="6"/>
        <line num="26" count="2" type="stmt"/>
        <line num="27" count="4" type="stmt"/>
        <line num="28" count="3" type="stmt"/>
        <line num="29" count="6" type="stmt"/>
        <line num="30" count="3" type="stmt"/>
        <line num="34" count="3" type="stmt"/>
        <line num="36" count="3" type="stmt"/>
        <line num="37" count="1" type="stmt"/>
        <line num="38" count="1" type="stmt"/>
        <line num="39" count="1" type="cond" truecount="1" falsecount="1"/>
        <line num="40" count="0" type="stmt"/>
        <line num="44" count="1" type="cond" truecount="3" falsecount="1"/>
        <line num="45" count="1" type="stmt"/>
        <line num="49" count="0" type="cond" truecount="0" falsecount="4"/>
        <line num="50" count="0" type="stmt"/>
        <line num="51" count="0" type="stmt"/>
        <line num="53" count="0" type="stmt"/>
        <line num="57" count="3" type="stmt"/>
        <line num="96" count="9" type="stmt"/>
        <line num="102" count="0" type="stmt"/>
        <line num="112" count="0" type="stmt"/>
        <line num="143" count="0" type="stmt"/>
      </file>
      <file name="styles.ts" path="C:\Users\rutujabp\Cariparma\QsrApp\src\screens\LoginScreen\styles.ts">
        <metrics statements="1" coveredstatements="1" conditionals="0" coveredconditionals="0" methods="0" coveredmethods="0"/>
        <line num="5" count="2" type="stmt"/>
      </file>
    </package>
    <package name="QsrApp.src.screens.OnboardingScreen">
      <metrics statements="5" coveredstatements="4" conditionals="0" coveredconditionals="0" methods="2" coveredmethods="1"/>
      <file name="OnboardingScreen.tsx" path="C:\Users\rutujabp\Cariparma\QsrApp\src\screens\OnboardingScreen\OnboardingScreen.tsx">
        <metrics statements="4" coveredstatements="3" conditionals="0" coveredconditionals="0" methods="2" coveredmethods="1"/>
        <line num="11" count="2" type="stmt"/>
        <line num="12" count="5" type="stmt"/>
        <line num="13" count="3" type="stmt"/>
        <line num="29" count="0" type="stmt"/>
      </file>
      <file name="styles.ts" path="C:\Users\rutujabp\Cariparma\QsrApp\src\screens\OnboardingScreen\styles.ts">
        <metrics statements="1" coveredstatements="1" conditionals="0" coveredconditionals="0" methods="0" coveredmethods="0"/>
        <line num="6" count="2" type="stmt"/>
      </file>
    </package>
    <package name="QsrApp.src.screens.ProductDetailsScreen">
      <metrics statements="11" coveredstatements="7" conditionals="0" coveredconditionals="0" methods="4" coveredmethods="1"/>
      <file name="ProductDetailsScreen.tsx" path="C:\Users\rutujabp\Cariparma\QsrApp\src\screens\ProductDetailsScreen\ProductDetailsScreen.tsx">
        <metrics statements="10" coveredstatements="6" conditionals="0" coveredconditionals="0" methods="4" coveredmethods="1"/>
        <line num="16" count="2" type="stmt"/>
        <line num="17" count="3" type="stmt"/>
        <line num="18" count="2" type="stmt"/>
        <line num="19" count="2" type="stmt"/>
        <line num="21" count="2" type="stmt"/>
        <line num="22" count="0" type="stmt"/>
        <line num="23" count="0" type="stmt"/>
        <line num="26" count="2" type="stmt"/>
        <line num="42" count="0" type="stmt"/>
        <line num="68" count="0" type="stmt"/>
      </file>
      <file name="styles.ts" path="C:\Users\rutujabp\Cariparma\QsrApp\src\screens\ProductDetailsScreen\styles.ts">
        <metrics statements="1" coveredstatements="1" conditionals="0" coveredconditionals="0" methods="0" coveredmethods="0"/>
        <line num="6" count="2" type="stmt"/>
      </file>
    </package>
    <package name="QsrApp.src.screens.SignupScreen">
      <metrics statements="23" coveredstatements="10" conditionals="22" coveredconditionals="19" methods="12" coveredmethods="3"/>
      <file name="SignupScreen.tsx" path="C:\Users\rutujabp\Cariparma\QsrApp\src\screens\SignupScreen\SignupScreen.tsx">
        <metrics statements="22" coveredstatements="9" conditionals="22" coveredconditionals="19" methods="12" coveredmethods="3"/>
        <line num="25" count="2" type="stmt"/>
        <line num="26" count="4" type="stmt"/>
        <line num="27" count="6" type="stmt"/>
        <line num="28" count="3" type="stmt"/>
        <line num="30" count="3" type="stmt"/>
        <line num="37" count="3" type="stmt"/>
        <line num="39" count="3" type="stmt"/>
        <line num="40" count="0" type="stmt"/>
        <line num="41" count="0" type="cond" truecount="0" falsecount="2"/>
        <line num="42" count="0" type="stmt"/>
        <line num="52" count="0" type="stmt"/>
        <line num="58" count="0" type="stmt"/>
        <line num="65" count="0" type="stmt"/>
        <line num="66" count="0" type="stmt"/>
        <line num="70" count="3" type="stmt"/>
        <line num="111" count="21" type="stmt"/>
        <line num="117" count="0" type="stmt"/>
        <line num="127" count="0" type="stmt"/>
        <line num="137" count="0" type="stmt"/>
        <line num="151" count="0" type="stmt"/>
        <line num="165" count="0" type="stmt"/>
        <line num="198" count="0" type="stmt"/>
      </file>
      <file name="styles.ts" path="C:\Users\rutujabp\Cariparma\QsrApp\src\screens\SignupScreen\styles.ts">
        <metrics statements="1" coveredstatements="1" conditionals="0" coveredconditionals="0" methods="0" coveredmethods="0"/>
        <line num="5" count="2" type="stmt"/>
      </file>
    </package>
    <package name="QsrApp.src.screens.SpecialOffersScreen">
      <metrics statements="19" coveredstatements="11" conditionals="0" coveredconditionals="0" methods="8" coveredmethods="2"/>
      <file name="SpecialOffersScreen.tsx" path="C:\Users\rutujabp\Cariparma\QsrApp\src\screens\SpecialOffersScreen\SpecialOffersScreen.tsx">
        <metrics statements="18" coveredstatements="10" conditionals="0" coveredconditionals="0" methods="8" coveredmethods="2"/>
        <line num="13" count="2" type="stmt"/>
        <line num="14" count="3" type="stmt"/>
        <line num="15" count="2" type="stmt"/>
        <line num="16" count="2" type="stmt"/>
        <line num="17" count="2" type="stmt"/>
        <line num="19" count="2" type="stmt"/>
        <line num="20" count="0" type="stmt"/>
        <line num="23" count="2" type="stmt"/>
        <line num="24" count="0" type="stmt"/>
        <line num="28" count="2" type="stmt"/>
        <line num="29" count="0" type="stmt"/>
        <line num="30" count="0" type="stmt"/>
        <line num="32" count="0" type="stmt"/>
        <line num="35" count="2" type="stmt"/>
        <line num="44" count="0" type="stmt"/>
        <line num="45" count="0" type="stmt"/>
        <line num="54" count="12" type="stmt"/>
        <line num="60" count="0" type="stmt"/>
      </file>
      <file name="styles.ts" path="C:\Users\rutujabp\Cariparma\QsrApp\src\screens\SpecialOffersScreen\styles.ts">
        <metrics statements="1" coveredstatements="1" conditionals="0" coveredconditionals="0" methods="0" coveredmethods="0"/>
        <line num="6" count="2" type="stmt"/>
      </file>
    </package>
    <package name="QsrApp.src.utils">
      <metrics statements="18" coveredstatements="17" conditionals="0" coveredconditionals="0" methods="4" coveredmethods="3"/>
      <file name="baselocalization.ts" path="C:\Users\rutujabp\Cariparma\QsrApp\src\utils\baselocalization.ts">
        <metrics statements="0" coveredstatements="0" conditionals="0" coveredconditionals="0" methods="0" coveredmethods="0"/>
      </file>
      <file name="images.ts" path="C:\Users\rutujabp\Cariparma\QsrApp\src\utils\images.ts">
        <metrics statements="7" coveredstatements="7" conditionals="0" coveredconditionals="0" methods="0" coveredmethods="0"/>
        <line num="1" count="7" type="stmt"/>
        <line num="3" count="7" type="stmt"/>
        <line num="10" count="7" type="stmt"/>
        <line num="16" count="7" type="stmt"/>
        <line num="22" count="7" type="stmt"/>
        <line num="29" count="7" type="stmt"/>
        <line num="60" count="7" type="stmt"/>
      </file>
      <file name="productDetails.ts" path="C:\Users\rutujabp\Cariparma\QsrApp\src\utils\productDetails.ts">
        <metrics statements="2" coveredstatements="2" conditionals="0" coveredconditionals="0" methods="0" coveredmethods="0"/>
        <line num="1" count="2" type="stmt"/>
        <line num="3" count="2" type="stmt"/>
      </file>
      <file name="themes.ts" path="C:\Users\rutujabp\Cariparma\QsrApp\src\utils\themes.ts">
        <metrics statements="1" coveredstatements="1" conditionals="0" coveredconditionals="0" methods="0" coveredmethods="0"/>
        <line num="1" count="16" type="stmt"/>
      </file>
      <file name="validations.ts" path="C:\Users\rutujabp\Cariparma\QsrApp\src\utils\validations.ts">
        <metrics statements="8" coveredstatements="7" conditionals="0" coveredconditionals="0" methods="4" coveredmethods="3"/>
        <line num="3" count="3" type="stmt"/>
        <line num="4" count="6" type="stmt"/>
        <line num="26" count="0" type="stmt"/>
        <line num="33" count="6" type="stmt"/>
        <line num="34" count="3" type="stmt"/>
        <line num="43" count="6" type="stmt"/>
        <line num="44" count="3" type="stmt"/>
        <line num="47" count="6" type="stmt"/>
      </file>
    </package>
  </project>
</coverage>
