{"C:\\Users\\rutujabp\\Cariparma\\QsrApp\\src\\components\\CustomButton\\CustomButton.tsx": {"path":"C:\\Users\\rutujabp\\Cariparma\\QsrApp\\src\\components\\CustomButton\\CustomButton.tsx","statementMap":{"0":{"start":{"line":22,"column":21},"end":{"line":47,"column":1}},"1":{"start":{"line":29,"column":4},"end":{"line":46,"column":5}}},"fnMap":{"0":{"name":"(anonymous_0)","decl":{"start":{"line":22,"column":21},"end":{"line":22,"column":22}},"loc":{"start":{"line":28,"column":23},"end":{"line":47,"column":1}},"line":28}},"branchMap":{"0":{"loc":{"start":{"line":31,"column":20},"end":{"line":31,"column":44}},"type":"binary-expr","locations":[{"start":{"line":31,"column":20},"end":{"line":31,"column":26}},{"start":{"line":31,"column":30},"end":{"line":31,"column":44}}],"line":31},"1":{"loc":{"start":{"line":41,"column":28},"end":{"line":41,"column":106}},"type":"cond-expr","locations":[{"start":{"line":41,"column":58},"end":{"line":41,"column":85}},{"start":{"line":41,"column":88},"end":{"line":41,"column":106}}],"line":41}},"s":{"0":6,"1":36},"f":{"0":36},"b":{"0":[36,0],"1":[36,0]},"_coverageSchema":"1a1c01bbd47fc00a2c39e90264f33305004495a9","hash":"cde26315062dd160c8ac77c838e0f3b6e4c82457"}
,"C:\\Users\\rutujabp\\Cariparma\\QsrApp\\src\\components\\CustomButton\\styles.ts": {"path":"C:\\Users\\rutujabp\\Cariparma\\QsrApp\\src\\components\\CustomButton\\styles.ts","statementMap":{"0":{"start":{"line":6,"column":22},"end":{"line":18,"column":2}}},"fnMap":{},"branchMap":{},"s":{"0":6},"f":{},"b":{},"_coverageSchema":"1a1c01bbd47fc00a2c39e90264f33305004495a9","hash":"830e5e726781284961b212862483df2fbf584390"}
,"C:\\Users\\rutujabp\\Cariparma\\QsrApp\\src\\components\\CustomCartElement\\CustomCartElement.tsx": {"path":"C:\\Users\\rutujabp\\Cariparma\\QsrApp\\src\\components\\CustomCartElement\\CustomCartElement.tsx","statementMap":{"0":{"start":{"line":20,"column":26},"end":{"line":88,"column":1}},"1":{"start":{"line":28,"column":19},"end":{"line":28,"column":32}},"2":{"start":{"line":29,"column":23},"end":{"line":34,"column":3}},"3":{"start":{"line":30,"column":17},"end":{"line":32,"column":5}},"4":{"start":{"line":33,"column":4},"end":{"line":33,"column":40}},"5":{"start":{"line":37,"column":23},"end":{"line":46,"column":3}},"6":{"start":{"line":38,"column":17},"end":{"line":40,"column":5}},"7":{"start":{"line":41,"column":4},"end":{"line":45,"column":5}},"8":{"start":{"line":42,"column":6},"end":{"line":42,"column":47}},"9":{"start":{"line":44,"column":6},"end":{"line":44,"column":47}},"10":{"start":{"line":48,"column":22},"end":{"line":53,"column":3}},"11":{"start":{"line":49,"column":17},"end":{"line":51,"column":5}},"12":{"start":{"line":52,"column":4},"end":{"line":52,"column":46}},"13":{"start":{"line":54,"column":2},"end":{"line":87,"column":4}}},"fnMap":{"0":{"name":"(anonymous_0)","decl":{"start":{"line":20,"column":26},"end":{"line":20,"column":27}},"loc":{"start":{"line":27,"column":30},"end":{"line":88,"column":1}},"line":27},"1":{"name":"(anonymous_1)","decl":{"start":{"line":29,"column":23},"end":{"line":29,"column":24}},"loc":{"start":{"line":29,"column":29},"end":{"line":34,"column":3}},"line":29},"2":{"name":"(anonymous_2)","decl":{"start":{"line":37,"column":23},"end":{"line":37,"column":24}},"loc":{"start":{"line":37,"column":29},"end":{"line":46,"column":3}},"line":37},"3":{"name":"(anonymous_3)","decl":{"start":{"line":48,"column":22},"end":{"line":48,"column":23}},"loc":{"start":{"line":48,"column":28},"end":{"line":53,"column":3}},"line":48}},"branchMap":{"0":{"loc":{"start":{"line":41,"column":4},"end":{"line":45,"column":5}},"type":"if","locations":[{"start":{"line":41,"column":4},"end":{"line":45,"column":5}},{"start":{"line":43,"column":11},"end":{"line":45,"column":5}}],"line":41},"1":{"loc":{"start":{"line":55,"column":45},"end":{"line":55,"column":74}},"type":"binary-expr","locations":[{"start":{"line":55,"column":45},"end":{"line":55,"column":51}},{"start":{"line":55,"column":55},"end":{"line":55,"column":74}}],"line":55}},"s":{"0":2,"1":7,"2":7,"3":1,"4":1,"5":7,"6":0,"7":0,"8":0,"9":0,"10":7,"11":1,"12":1,"13":7},"f":{"0":7,"1":1,"2":0,"3":1},"b":{"0":[0,0],"1":[7,0]},"_coverageSchema":"1a1c01bbd47fc00a2c39e90264f33305004495a9","hash":"e5f8bf7eb192d27091450859c166725245e6ed0a"}
,"C:\\Users\\rutujabp\\Cariparma\\QsrApp\\src\\components\\CustomCartElement\\styles.ts": {"path":"C:\\Users\\rutujabp\\Cariparma\\QsrApp\\src\\components\\CustomCartElement\\styles.ts","statementMap":{"0":{"start":{"line":6,"column":22},"end":{"line":60,"column":2}}},"fnMap":{},"branchMap":{},"s":{"0":2},"f":{},"b":{},"_coverageSchema":"1a1c01bbd47fc00a2c39e90264f33305004495a9","hash":"5e76a1ce0b23d5e11eab9a80de284d684c965897"}
,"C:\\Users\\rutujabp\\Cariparma\\QsrApp\\src\\components\\CustomCategory\\CustomCategory.tsx": {"path":"C:\\Users\\rutujabp\\Cariparma\\QsrApp\\src\\components\\CustomCategory\\CustomCategory.tsx","statementMap":{"0":{"start":{"line":12,"column":23},"end":{"line":24,"column":1}},"1":{"start":{"line":18,"column":2},"end":{"line":23,"column":4}}},"fnMap":{"0":{"name":"(anonymous_0)","decl":{"start":{"line":12,"column":23},"end":{"line":12,"column":24}},"loc":{"start":{"line":17,"column":27},"end":{"line":24,"column":1}},"line":17}},"branchMap":{"0":{"loc":{"start":{"line":19,"column":73},"end":{"line":19,"column":99}},"type":"binary-expr","locations":[{"start":{"line":19,"column":73},"end":{"line":19,"column":79}},{"start":{"line":19,"column":83},"end":{"line":19,"column":99}}],"line":19}},"s":{"0":2,"1":6},"f":{"0":6},"b":{"0":[6,0]},"_coverageSchema":"1a1c01bbd47fc00a2c39e90264f33305004495a9","hash":"ae5164cc8b838cf57713a1b5ab730c39e9351549"}
,"C:\\Users\\rutujabp\\Cariparma\\QsrApp\\src\\components\\CustomCategory\\styles.ts": {"path":"C:\\Users\\rutujabp\\Cariparma\\QsrApp\\src\\components\\CustomCategory\\styles.ts","statementMap":{"0":{"start":{"line":6,"column":22},"end":{"line":22,"column":2}}},"fnMap":{},"branchMap":{},"s":{"0":2},"f":{},"b":{},"_coverageSchema":"1a1c01bbd47fc00a2c39e90264f33305004495a9","hash":"505af38a619abd333d4dca2d334fe2897442ff51"}
,"C:\\Users\\rutujabp\\Cariparma\\QsrApp\\src\\components\\CustomCategoryElements\\CustomCategoryElements.tsx": {"path":"C:\\Users\\rutujabp\\Cariparma\\QsrApp\\src\\components\\CustomCategoryElements\\CustomCategoryElements.tsx","statementMap":{"0":{"start":{"line":16,"column":31},"end":{"line":57,"column":1}},"1":{"start":{"line":25,"column":2},"end":{"line":56,"column":4}}},"fnMap":{"0":{"name":"(anonymous_0)","decl":{"start":{"line":16,"column":31},"end":{"line":16,"column":32}},"loc":{"start":{"line":24,"column":35},"end":{"line":57,"column":1}},"line":24}},"branchMap":{"0":{"loc":{"start":{"line":26,"column":76},"end":{"line":26,"column":110}},"type":"binary-expr","locations":[{"start":{"line":26,"column":76},"end":{"line":26,"column":82}},{"start":{"line":26,"column":86},"end":{"line":26,"column":110}}],"line":26}},"s":{"0":2,"1":7},"f":{"0":7},"b":{"0":[7,0]},"_coverageSchema":"1a1c01bbd47fc00a2c39e90264f33305004495a9","hash":"a65601d00b6a948e256301d6269a9fd9533f35ba"}
,"C:\\Users\\rutujabp\\Cariparma\\QsrApp\\src\\components\\CustomCategoryElements\\styles.ts": {"path":"C:\\Users\\rutujabp\\Cariparma\\QsrApp\\src\\components\\CustomCategoryElements\\styles.ts","statementMap":{"0":{"start":{"line":5,"column":22},"end":{"line":47,"column":2}}},"fnMap":{},"branchMap":{},"s":{"0":2},"f":{},"b":{},"_coverageSchema":"1a1c01bbd47fc00a2c39e90264f33305004495a9","hash":"2266fc5e9bcaaecf9fef08b24d121521591e3549"}
,"C:\\Users\\rutujabp\\Cariparma\\QsrApp\\src\\components\\CustomIconButton\\CustomIconButton.tsx": {"path":"C:\\Users\\rutujabp\\Cariparma\\QsrApp\\src\\components\\CustomIconButton\\CustomIconButton.tsx","statementMap":{"0":{"start":{"line":19,"column":25},"end":{"line":66,"column":1}},"1":{"start":{"line":30,"column":2},"end":{"line":65,"column":4}}},"fnMap":{"0":{"name":"(anonymous_0)","decl":{"start":{"line":19,"column":25},"end":{"line":19,"column":26}},"loc":{"start":{"line":29,"column":29},"end":{"line":66,"column":1}},"line":29}},"branchMap":{"0":{"loc":{"start":{"line":32,"column":14},"end":{"line":32,"column":42}},"type":"binary-expr","locations":[{"start":{"line":32,"column":14},"end":{"line":32,"column":20}},{"start":{"line":32,"column":24},"end":{"line":32,"column":42}}],"line":32},"1":{"loc":{"start":{"line":38,"column":27},"end":{"line":40,"column":34}},"type":"cond-expr","locations":[{"start":{"line":39,"column":14},"end":{"line":39,"column":29}},{"start":{"line":40,"column":14},"end":{"line":40,"column":34}}],"line":38},"2":{"loc":{"start":{"line":41,"column":23},"end":{"line":41,"column":71}},"type":"cond-expr","locations":[{"start":{"line":41,"column":37},"end":{"line":41,"column":48}},{"start":{"line":41,"column":51},"end":{"line":41,"column":71}}],"line":41},"3":{"loc":{"start":{"line":42,"column":17},"end":{"line":42,"column":39}},"type":"cond-expr","locations":[{"start":{"line":42,"column":25},"end":{"line":42,"column":30}},{"start":{"line":42,"column":33},"end":{"line":42,"column":39}}],"line":42},"4":{"loc":{"start":{"line":58,"column":21},"end":{"line":58,"column":63}},"type":"cond-expr","locations":[{"start":{"line":58,"column":33},"end":{"line":58,"column":42}},{"start":{"line":58,"column":45},"end":{"line":58,"column":63}}],"line":58}},"s":{"0":4,"1":16},"f":{"0":16},"b":{"0":[16,0],"1":[0,16],"2":[0,16],"3":[0,16],"4":[0,16]},"_coverageSchema":"1a1c01bbd47fc00a2c39e90264f33305004495a9","hash":"4c9fb781f11a223fca88d897d5630845c4a1f95b"}
,"C:\\Users\\rutujabp\\Cariparma\\QsrApp\\src\\components\\CustomIconButton\\styles.ts": {"path":"C:\\Users\\rutujabp\\Cariparma\\QsrApp\\src\\components\\CustomIconButton\\styles.ts","statementMap":{"0":{"start":{"line":5,"column":22},"end":{"line":32,"column":2}}},"fnMap":{},"branchMap":{},"s":{"0":4},"f":{},"b":{},"_coverageSchema":"1a1c01bbd47fc00a2c39e90264f33305004495a9","hash":"b33ea2a9acf6a1340a932051ddaf3c95672d7936"}
,"C:\\Users\\rutujabp\\Cariparma\\QsrApp\\src\\components\\CustomProductOffers\\CustomProductsOffers.tsx": {"path":"C:\\Users\\rutujabp\\Cariparma\\QsrApp\\src\\components\\CustomProductOffers\\CustomProductsOffers.tsx","statementMap":{"0":{"start":{"line":14,"column":28},"end":{"line":41,"column":1}},"1":{"start":{"line":21,"column":4},"end":{"line":40,"column":6}}},"fnMap":{"0":{"name":"(anonymous_0)","decl":{"start":{"line":14,"column":28},"end":{"line":14,"column":29}},"loc":{"start":{"line":20,"column":32},"end":{"line":41,"column":1}},"line":20}},"branchMap":{"0":{"loc":{"start":{"line":22,"column":53},"end":{"line":22,"column":84}},"type":"binary-expr","locations":[{"start":{"line":22,"column":53},"end":{"line":22,"column":59}},{"start":{"line":22,"column":63},"end":{"line":22,"column":84}}],"line":22}},"s":{"0":3,"1":13},"f":{"0":13},"b":{"0":[13,0]},"_coverageSchema":"1a1c01bbd47fc00a2c39e90264f33305004495a9","hash":"1e431685adf10e977ba8f20992a6ec227dfc7bf3"}
,"C:\\Users\\rutujabp\\Cariparma\\QsrApp\\src\\components\\CustomProductOffers\\styles.ts": {"path":"C:\\Users\\rutujabp\\Cariparma\\QsrApp\\src\\components\\CustomProductOffers\\styles.ts","statementMap":{"0":{"start":{"line":6,"column":22},"end":{"line":46,"column":2}}},"fnMap":{},"branchMap":{},"s":{"0":3},"f":{},"b":{},"_coverageSchema":"1a1c01bbd47fc00a2c39e90264f33305004495a9","hash":"cd2e5931eed696d7bb72bd7f66a43f2f48bb2cf5"}
,"C:\\Users\\rutujabp\\Cariparma\\QsrApp\\src\\components\\CustomTextInput\\CustomTextInput.tsx": {"path":"C:\\Users\\rutujabp\\Cariparma\\QsrApp\\src\\components\\CustomTextInput\\CustomTextInput.tsx","statementMap":{"0":{"start":{"line":23,"column":56},"end":{"line":69,"column":1}},"1":{"start":{"line":24,"column":23},"end":{"line":24,"column":76}},"2":{"start":{"line":25,"column":52},"end":{"line":27,"column":3}},"3":{"start":{"line":29,"column":35},"end":{"line":31,"column":3}},"4":{"start":{"line":30,"column":4},"end":{"line":30,"column":45}},"5":{"start":{"line":33,"column":2},"end":{"line":68,"column":4}},"6":{"start":{"line":46,"column":31},"end":{"line":46,"column":56}}},"fnMap":{"0":{"name":"(anonymous_0)","decl":{"start":{"line":23,"column":56},"end":{"line":23,"column":57}},"loc":{"start":{"line":23,"column":65},"end":{"line":69,"column":1}},"line":23},"1":{"name":"(anonymous_1)","decl":{"start":{"line":29,"column":35},"end":{"line":29,"column":36}},"loc":{"start":{"line":29,"column":41},"end":{"line":31,"column":3}},"line":29},"2":{"name":"(anonymous_2)","decl":{"start":{"line":46,"column":24},"end":{"line":46,"column":25}},"loc":{"start":{"line":46,"column":31},"end":{"line":46,"column":56}},"line":46}},"branchMap":{"0":{"loc":{"start":{"line":24,"column":23},"end":{"line":24,"column":76}},"type":"cond-expr","locations":[{"start":{"line":24,"column":45},"end":{"line":24,"column":64}},{"start":{"line":24,"column":67},"end":{"line":24,"column":76}}],"line":24},"1":{"loc":{"start":{"line":34,"column":44},"end":{"line":34,"column":77}},"type":"binary-expr","locations":[{"start":{"line":34,"column":44},"end":{"line":34,"column":56}},{"start":{"line":34,"column":60},"end":{"line":34,"column":77}}],"line":34},"2":{"loc":{"start":{"line":35,"column":7},"end":{"line":37,"column":14}},"type":"cond-expr","locations":[{"start":{"line":36,"column":8},"end":{"line":36,"column":63}},{"start":{"line":37,"column":10},"end":{"line":37,"column":14}}],"line":35},"3":{"loc":{"start":{"line":50,"column":9},"end":{"line":62,"column":9}},"type":"cond-expr","locations":[{"start":{"line":51,"column":10},"end":{"line":59,"column":29}},{"start":{"line":61,"column":10},"end":{"line":61,"column":15}}],"line":50},"4":{"loc":{"start":{"line":55,"column":20},"end":{"line":55,"column":57}},"type":"cond-expr","locations":[{"start":{"line":55,"column":40},"end":{"line":55,"column":49}},{"start":{"line":55,"column":52},"end":{"line":55,"column":57}}],"line":55},"5":{"loc":{"start":{"line":64,"column":7},"end":{"line":66,"column":14}},"type":"cond-expr","locations":[{"start":{"line":65,"column":8},"end":{"line":65,"column":63}},{"start":{"line":66,"column":10},"end":{"line":66,"column":14}}],"line":64}},"s":{"0":3,"1":119,"2":119,"3":119,"4":0,"5":119,"6":1},"f":{"0":119,"1":0,"2":1},"b":{"0":[20,99],"1":[119,0],"2":[117,2],"3":[48,71],"4":[0,48],"5":[25,94]},"_coverageSchema":"1a1c01bbd47fc00a2c39e90264f33305004495a9","hash":"95dc6d638bc9c6fe52889f79eb3afa4c80931179"}
,"C:\\Users\\rutujabp\\Cariparma\\QsrApp\\src\\components\\CustomTextInput\\styles.ts": {"path":"C:\\Users\\rutujabp\\Cariparma\\QsrApp\\src\\components\\CustomTextInput\\styles.ts","statementMap":{"0":{"start":{"line":5,"column":22},"end":{"line":32,"column":2}}},"fnMap":{},"branchMap":{},"s":{"0":3},"f":{},"b":{},"_coverageSchema":"1a1c01bbd47fc00a2c39e90264f33305004495a9","hash":"528b8016e9fc46636a45862d315dea4b2b391c6b"}
,"C:\\Users\\rutujabp\\Cariparma\\QsrApp\\src\\redux\\action.ts": {"path":"C:\\Users\\rutujabp\\Cariparma\\QsrApp\\src\\redux\\action.ts","statementMap":{"0":{"start":{"line":1,"column":30},"end":{"line":1,"column":46}},"1":{"start":{"line":2,"column":30},"end":{"line":2,"column":46}},"2":{"start":{"line":3,"column":30},"end":{"line":3,"column":46}},"3":{"start":{"line":4,"column":29},"end":{"line":4,"column":44}},"4":{"start":{"line":5,"column":29},"end":{"line":5,"column":44}},"5":{"start":{"line":6,"column":29},"end":{"line":6,"column":44}},"6":{"start":{"line":7,"column":30},"end":{"line":7,"column":46}},"7":{"start":{"line":8,"column":30},"end":{"line":8,"column":46}},"8":{"start":{"line":9,"column":30},"end":{"line":9,"column":46}},"9":{"start":{"line":10,"column":35},"end":{"line":10,"column":56}},"10":{"start":{"line":11,"column":35},"end":{"line":11,"column":56}},"11":{"start":{"line":12,"column":35},"end":{"line":12,"column":56}},"12":{"start":{"line":13,"column":40},"end":{"line":13,"column":66}},"13":{"start":{"line":14,"column":40},"end":{"line":14,"column":66}},"14":{"start":{"line":15,"column":40},"end":{"line":15,"column":66}},"15":{"start":{"line":16,"column":40},"end":{"line":16,"column":66}},"16":{"start":{"line":17,"column":40},"end":{"line":17,"column":66}},"17":{"start":{"line":18,"column":40},"end":{"line":18,"column":66}},"18":{"start":{"line":21,"column":30},"end":{"line":24,"column":2}},"19":{"start":{"line":21,"column":46},"end":{"line":24,"column":1}},"20":{"start":{"line":26,"column":30},"end":{"line":29,"column":2}},"21":{"start":{"line":26,"column":46},"end":{"line":29,"column":1}},"22":{"start":{"line":31,"column":30},"end":{"line":34,"column":2}},"23":{"start":{"line":31,"column":47},"end":{"line":34,"column":1}},"24":{"start":{"line":36,"column":29},"end":{"line":39,"column":2}},"25":{"start":{"line":36,"column":45},"end":{"line":39,"column":1}},"26":{"start":{"line":41,"column":29},"end":{"line":44,"column":2}},"27":{"start":{"line":41,"column":45},"end":{"line":44,"column":1}},"28":{"start":{"line":46,"column":29},"end":{"line":49,"column":2}},"29":{"start":{"line":46,"column":46},"end":{"line":49,"column":1}},"30":{"start":{"line":51,"column":30},"end":{"line":53,"column":2}},"31":{"start":{"line":51,"column":37},"end":{"line":53,"column":1}},"32":{"start":{"line":55,"column":30},"end":{"line":58,"column":2}},"33":{"start":{"line":55,"column":46},"end":{"line":58,"column":1}},"34":{"start":{"line":60,"column":30},"end":{"line":63,"column":2}},"35":{"start":{"line":60,"column":47},"end":{"line":63,"column":1}},"36":{"start":{"line":65,"column":35},"end":{"line":68,"column":2}},"37":{"start":{"line":65,"column":52},"end":{"line":68,"column":1}},"38":{"start":{"line":70,"column":35},"end":{"line":73,"column":2}},"39":{"start":{"line":70,"column":52},"end":{"line":73,"column":1}},"40":{"start":{"line":75,"column":35},"end":{"line":78,"column":2}},"41":{"start":{"line":75,"column":52},"end":{"line":78,"column":1}},"42":{"start":{"line":80,"column":40},"end":{"line":83,"column":2}},"43":{"start":{"line":80,"column":56},"end":{"line":83,"column":1}},"44":{"start":{"line":85,"column":40},"end":{"line":88,"column":2}},"45":{"start":{"line":85,"column":57},"end":{"line":88,"column":1}},"46":{"start":{"line":90,"column":40},"end":{"line":93,"column":2}},"47":{"start":{"line":90,"column":57},"end":{"line":93,"column":1}},"48":{"start":{"line":95,"column":40},"end":{"line":98,"column":2}},"49":{"start":{"line":95,"column":56},"end":{"line":98,"column":1}},"50":{"start":{"line":100,"column":40},"end":{"line":103,"column":2}},"51":{"start":{"line":100,"column":56},"end":{"line":103,"column":1}},"52":{"start":{"line":105,"column":40},"end":{"line":108,"column":2}},"53":{"start":{"line":105,"column":57},"end":{"line":108,"column":1}}},"fnMap":{"0":{"name":"(anonymous_0)","decl":{"start":{"line":21,"column":30},"end":{"line":21,"column":31}},"loc":{"start":{"line":21,"column":46},"end":{"line":24,"column":1}},"line":21},"1":{"name":"(anonymous_1)","decl":{"start":{"line":26,"column":30},"end":{"line":26,"column":31}},"loc":{"start":{"line":26,"column":46},"end":{"line":29,"column":1}},"line":26},"2":{"name":"(anonymous_2)","decl":{"start":{"line":31,"column":30},"end":{"line":31,"column":31}},"loc":{"start":{"line":31,"column":47},"end":{"line":34,"column":1}},"line":31},"3":{"name":"(anonymous_3)","decl":{"start":{"line":36,"column":29},"end":{"line":36,"column":30}},"loc":{"start":{"line":36,"column":45},"end":{"line":39,"column":1}},"line":36},"4":{"name":"(anonymous_4)","decl":{"start":{"line":41,"column":29},"end":{"line":41,"column":30}},"loc":{"start":{"line":41,"column":45},"end":{"line":44,"column":1}},"line":41},"5":{"name":"(anonymous_5)","decl":{"start":{"line":46,"column":29},"end":{"line":46,"column":30}},"loc":{"start":{"line":46,"column":46},"end":{"line":49,"column":1}},"line":46},"6":{"name":"(anonymous_6)","decl":{"start":{"line":51,"column":30},"end":{"line":51,"column":31}},"loc":{"start":{"line":51,"column":37},"end":{"line":53,"column":1}},"line":51},"7":{"name":"(anonymous_7)","decl":{"start":{"line":55,"column":30},"end":{"line":55,"column":31}},"loc":{"start":{"line":55,"column":46},"end":{"line":58,"column":1}},"line":55},"8":{"name":"(anonymous_8)","decl":{"start":{"line":60,"column":30},"end":{"line":60,"column":31}},"loc":{"start":{"line":60,"column":47},"end":{"line":63,"column":1}},"line":60},"9":{"name":"(anonymous_9)","decl":{"start":{"line":65,"column":35},"end":{"line":65,"column":36}},"loc":{"start":{"line":65,"column":52},"end":{"line":68,"column":1}},"line":65},"10":{"name":"(anonymous_10)","decl":{"start":{"line":70,"column":35},"end":{"line":70,"column":36}},"loc":{"start":{"line":70,"column":52},"end":{"line":73,"column":1}},"line":70},"11":{"name":"(anonymous_11)","decl":{"start":{"line":75,"column":35},"end":{"line":75,"column":36}},"loc":{"start":{"line":75,"column":52},"end":{"line":78,"column":1}},"line":75},"12":{"name":"(anonymous_12)","decl":{"start":{"line":80,"column":40},"end":{"line":80,"column":41}},"loc":{"start":{"line":80,"column":56},"end":{"line":83,"column":1}},"line":80},"13":{"name":"(anonymous_13)","decl":{"start":{"line":85,"column":40},"end":{"line":85,"column":41}},"loc":{"start":{"line":85,"column":57},"end":{"line":88,"column":1}},"line":85},"14":{"name":"(anonymous_14)","decl":{"start":{"line":90,"column":40},"end":{"line":90,"column":41}},"loc":{"start":{"line":90,"column":57},"end":{"line":93,"column":1}},"line":90},"15":{"name":"(anonymous_15)","decl":{"start":{"line":95,"column":40},"end":{"line":95,"column":41}},"loc":{"start":{"line":95,"column":56},"end":{"line":98,"column":1}},"line":95},"16":{"name":"(anonymous_16)","decl":{"start":{"line":100,"column":40},"end":{"line":100,"column":41}},"loc":{"start":{"line":100,"column":56},"end":{"line":103,"column":1}},"line":100},"17":{"name":"(anonymous_17)","decl":{"start":{"line":105,"column":40},"end":{"line":105,"column":41}},"loc":{"start":{"line":105,"column":57},"end":{"line":108,"column":1}},"line":105}},"branchMap":{},"s":{"0":9,"1":9,"2":9,"3":9,"4":9,"5":9,"6":9,"7":9,"8":9,"9":9,"10":9,"11":9,"12":9,"13":9,"14":9,"15":9,"16":9,"17":9,"18":9,"19":0,"20":9,"21":0,"22":9,"23":0,"24":9,"25":0,"26":9,"27":0,"28":9,"29":0,"30":9,"31":0,"32":9,"33":0,"34":9,"35":0,"36":9,"37":2,"38":9,"39":0,"40":9,"41":0,"42":9,"43":0,"44":9,"45":0,"46":9,"47":0,"48":9,"49":2,"50":9,"51":0,"52":9,"53":0},"f":{"0":0,"1":0,"2":0,"3":0,"4":0,"5":0,"6":0,"7":0,"8":0,"9":2,"10":0,"11":0,"12":0,"13":0,"14":0,"15":2,"16":0,"17":0},"b":{},"_coverageSchema":"1a1c01bbd47fc00a2c39e90264f33305004495a9","hash":"204dd63db8b6766e66ad5cf2e637f0f18d8d268a"}
,"C:\\Users\\rutujabp\\Cariparma\\QsrApp\\src\\redux\\reducer.ts": {"path":"C:\\Users\\rutujabp\\Cariparma\\QsrApp\\src\\redux\\reducer.ts","statementMap":{"0":{"start":{"line":24,"column":21},"end":{"line":31,"column":1}},"1":{"start":{"line":33,"column":16},"end":{"line":183,"column":1}},"2":{"start":{"line":34,"column":2},"end":{"line":182,"column":3}},"3":{"start":{"line":36,"column":6},"end":{"line":39,"column":8}},"4":{"start":{"line":41,"column":6},"end":{"line":45,"column":8}},"5":{"start":{"line":47,"column":6},"end":{"line":51,"column":8}},"6":{"start":{"line":53,"column":6},"end":{"line":57,"column":8}},"7":{"start":{"line":59,"column":6},"end":{"line":64,"column":8}},"8":{"start":{"line":66,"column":6},"end":{"line":71,"column":8}},"9":{"start":{"line":73,"column":6},"end":{"line":76,"column":8}},"10":{"start":{"line":78,"column":6},"end":{"line":83,"column":8}},"11":{"start":{"line":85,"column":6},"end":{"line":90,"column":8}},"12":{"start":{"line":92,"column":6},"end":{"line":95,"column":8}},"13":{"start":{"line":97,"column":20},"end":{"line":97,"column":22}},"14":{"start":{"line":98,"column":6},"end":{"line":105,"column":9}},"15":{"start":{"line":99,"column":8},"end":{"line":104,"column":9}},"16":{"start":{"line":103,"column":10},"end":{"line":103,"column":26}},"17":{"start":{"line":106,"column":6},"end":{"line":117,"column":7}},"18":{"start":{"line":107,"column":8},"end":{"line":114,"column":11}},"19":{"start":{"line":116,"column":8},"end":{"line":116,"column":72}},"20":{"start":{"line":118,"column":6},"end":{"line":122,"column":8}},"21":{"start":{"line":124,"column":6},"end":{"line":128,"column":8}},"22":{"start":{"line":130,"column":6},"end":{"line":133,"column":8}},"23":{"start":{"line":135,"column":26},"end":{"line":135,"column":28}},"24":{"start":{"line":136,"column":6},"end":{"line":142,"column":9}},"25":{"start":{"line":137,"column":8},"end":{"line":141,"column":9}},"26":{"start":{"line":140,"column":10},"end":{"line":140,"column":32}},"27":{"start":{"line":143,"column":6},"end":{"line":147,"column":7}},"28":{"start":{"line":145,"column":8},"end":{"line":146,"column":49}},"29":{"start":{"line":148,"column":6},"end":{"line":152,"column":8}},"30":{"start":{"line":154,"column":6},"end":{"line":158,"column":8}},"31":{"start":{"line":160,"column":6},"end":{"line":163,"column":8}},"32":{"start":{"line":165,"column":31},"end":{"line":168,"column":7}},"33":{"start":{"line":167,"column":10},"end":{"line":167,"column":44}},"34":{"start":{"line":169,"column":6},"end":{"line":172,"column":8}},"35":{"start":{"line":174,"column":6},"end":{"line":178,"column":8}},"36":{"start":{"line":181,"column":6},"end":{"line":181,"column":19}},"37":{"start":{"line":185,"column":20},"end":{"line":187,"column":2}}},"fnMap":{"0":{"name":"(anonymous_0)","decl":{"start":{"line":33,"column":16},"end":{"line":33,"column":17}},"loc":{"start":{"line":33,"column":55},"end":{"line":183,"column":1}},"line":33},"1":{"name":"(anonymous_1)","decl":{"start":{"line":98,"column":26},"end":{"line":98,"column":27}},"loc":{"start":{"line":98,"column":43},"end":{"line":105,"column":7}},"line":98},"2":{"name":"(anonymous_2)","decl":{"start":{"line":136,"column":26},"end":{"line":136,"column":27}},"loc":{"start":{"line":136,"column":43},"end":{"line":142,"column":7}},"line":136},"3":{"name":"(anonymous_3)","decl":{"start":{"line":166,"column":8},"end":{"line":166,"column":9}},"loc":{"start":{"line":167,"column":10},"end":{"line":167,"column":44}},"line":167}},"branchMap":{"0":{"loc":{"start":{"line":33,"column":17},"end":{"line":33,"column":37}},"type":"default-arg","locations":[{"start":{"line":33,"column":25},"end":{"line":33,"column":37}}],"line":33},"1":{"loc":{"start":{"line":34,"column":2},"end":{"line":182,"column":3}},"type":"switch","locations":[{"start":{"line":35,"column":4},"end":{"line":39,"column":8}},{"start":{"line":40,"column":4},"end":{"line":45,"column":8}},{"start":{"line":46,"column":4},"end":{"line":51,"column":8}},{"start":{"line":52,"column":4},"end":{"line":57,"column":8}},{"start":{"line":58,"column":4},"end":{"line":64,"column":8}},{"start":{"line":65,"column":4},"end":{"line":71,"column":8}},{"start":{"line":72,"column":4},"end":{"line":76,"column":8}},{"start":{"line":77,"column":4},"end":{"line":83,"column":8}},{"start":{"line":84,"column":4},"end":{"line":90,"column":8}},{"start":{"line":91,"column":4},"end":{"line":95,"column":8}},{"start":{"line":96,"column":4},"end":{"line":122,"column":8}},{"start":{"line":123,"column":4},"end":{"line":128,"column":8}},{"start":{"line":129,"column":4},"end":{"line":133,"column":8}},{"start":{"line":134,"column":4},"end":{"line":152,"column":8}},{"start":{"line":153,"column":4},"end":{"line":158,"column":8}},{"start":{"line":159,"column":4},"end":{"line":163,"column":8}},{"start":{"line":164,"column":4},"end":{"line":172,"column":8}},{"start":{"line":173,"column":4},"end":{"line":178,"column":8}},{"start":{"line":180,"column":4},"end":{"line":181,"column":19}}],"line":34},"2":{"loc":{"start":{"line":99,"column":8},"end":{"line":104,"column":9}},"type":"if","locations":[{"start":{"line":99,"column":8},"end":{"line":104,"column":9}},{"start":{},"end":{}}],"line":99},"3":{"loc":{"start":{"line":106,"column":6},"end":{"line":117,"column":7}},"type":"if","locations":[{"start":{"line":106,"column":6},"end":{"line":117,"column":7}},{"start":{"line":115,"column":13},"end":{"line":117,"column":7}}],"line":106},"4":{"loc":{"start":{"line":137,"column":8},"end":{"line":141,"column":9}},"type":"if","locations":[{"start":{"line":137,"column":8},"end":{"line":141,"column":9}},{"start":{},"end":{}}],"line":137},"5":{"loc":{"start":{"line":143,"column":6},"end":{"line":147,"column":7}},"type":"if","locations":[{"start":{"line":143,"column":6},"end":{"line":147,"column":7}},{"start":{"line":144,"column":13},"end":{"line":147,"column":7}}],"line":143}},"s":{"0":2,"1":2,"2":10,"3":0,"4":0,"5":0,"6":0,"7":0,"8":0,"9":0,"10":0,"11":0,"12":0,"13":0,"14":0,"15":0,"16":0,"17":0,"18":0,"19":0,"20":0,"21":0,"22":0,"23":0,"24":0,"25":0,"26":0,"27":0,"28":0,"29":0,"30":0,"31":0,"32":0,"33":0,"34":0,"35":0,"36":10,"37":2},"f":{"0":10,"1":0,"2":0,"3":0},"b":{"0":[6],"1":[0,0,0,0,0,0,0,0,0,0,0,0,0,0,0,0,0,0,10],"2":[0,0],"3":[0,0],"4":[0,0],"5":[0,0]},"_coverageSchema":"1a1c01bbd47fc00a2c39e90264f33305004495a9","hash":"41059a72cbe05b579ed4d639ee71c892f87d78eb"}
,"C:\\Users\\rutujabp\\Cariparma\\QsrApp\\src\\redux\\rootSaga.ts": {"path":"C:\\Users\\rutujabp\\Cariparma\\QsrApp\\src\\redux\\rootSaga.ts","statementMap":{"0":{"start":{"line":5,"column":2},"end":{"line":5,"column":26}}},"fnMap":{"0":{"name":"rootSaga","decl":{"start":{"line":4,"column":25},"end":{"line":4,"column":33}},"loc":{"start":{"line":4,"column":36},"end":{"line":6,"column":1}},"line":4}},"branchMap":{},"s":{"0":2},"f":{"0":2},"b":{},"_coverageSchema":"1a1c01bbd47fc00a2c39e90264f33305004495a9","hash":"e86bfeb4a9ad0934f4ac7f9375fa8c5d4d21a758"}
,"C:\\Users\\rutujabp\\Cariparma\\QsrApp\\src\\redux\\saga.ts": {"path":"C:\\Users\\rutujabp\\Cariparma\\QsrApp\\src\\redux\\saga.ts","statementMap":{"0":{"start":{"line":24,"column":2},"end":{"line":28,"column":3}},"1":{"start":{"line":25,"column":4},"end":{"line":25,"column":63}},"2":{"start":{"line":27,"column":4},"end":{"line":27,"column":54}},"3":{"start":{"line":32,"column":2},"end":{"line":36,"column":3}},"4":{"start":{"line":33,"column":4},"end":{"line":33,"column":62}},"5":{"start":{"line":35,"column":4},"end":{"line":35,"column":53}},"6":{"start":{"line":40,"column":2},"end":{"line":44,"column":3}},"7":{"start":{"line":41,"column":4},"end":{"line":41,"column":54}},"8":{"start":{"line":43,"column":4},"end":{"line":43,"column":54}},"9":{"start":{"line":48,"column":2},"end":{"line":52,"column":3}},"10":{"start":{"line":49,"column":4},"end":{"line":49,"column":68}},"11":{"start":{"line":51,"column":4},"end":{"line":51,"column":59}},"12":{"start":{"line":56,"column":2},"end":{"line":60,"column":3}},"13":{"start":{"line":57,"column":4},"end":{"line":57,"column":73}},"14":{"start":{"line":59,"column":4},"end":{"line":59,"column":64}},"15":{"start":{"line":64,"column":2},"end":{"line":68,"column":3}},"16":{"start":{"line":65,"column":4},"end":{"line":65,"column":73}},"17":{"start":{"line":67,"column":4},"end":{"line":67,"column":64}},"18":{"start":{"line":74,"column":2},"end":{"line":74,"column":45}},"19":{"start":{"line":75,"column":2},"end":{"line":75,"column":43}},"20":{"start":{"line":76,"column":2},"end":{"line":76,"column":53}},"21":{"start":{"line":77,"column":2},"end":{"line":77,"column":63}},"22":{"start":{"line":78,"column":2},"end":{"line":78,"column":63}},"23":{"start":{"line":79,"column":2},"end":{"line":79,"column":45}}},"fnMap":{"0":{"name":"signupfn","decl":{"start":{"line":23,"column":10},"end":{"line":23,"column":18}},"loc":{"start":{"line":23,"column":32},"end":{"line":29,"column":1}},"line":23},"1":{"name":"loginfn","decl":{"start":{"line":31,"column":10},"end":{"line":31,"column":17}},"loc":{"start":{"line":31,"column":31},"end":{"line":37,"column":1}},"line":31},"2":{"name":"logoutfn","decl":{"start":{"line":39,"column":10},"end":{"line":39,"column":18}},"loc":{"start":{"line":39,"column":21},"end":{"line":45,"column":1}},"line":39},"3":{"name":"addToCartfn","decl":{"start":{"line":47,"column":10},"end":{"line":47,"column":21}},"loc":{"start":{"line":47,"column":35},"end":{"line":53,"column":1}},"line":47},"4":{"name":"removeFromCartfn","decl":{"start":{"line":55,"column":10},"end":{"line":55,"column":26}},"loc":{"start":{"line":55,"column":40},"end":{"line":61,"column":1}},"line":55},"5":{"name":"deleteCartItemfn","decl":{"start":{"line":63,"column":10},"end":{"line":63,"column":26}},"loc":{"start":{"line":63,"column":40},"end":{"line":69,"column":1}},"line":63},"6":{"name":"mainSaga","decl":{"start":{"line":73,"column":17},"end":{"line":73,"column":25}},"loc":{"start":{"line":73,"column":28},"end":{"line":80,"column":1}},"line":73}},"branchMap":{},"s":{"0":0,"1":0,"2":0,"3":0,"4":0,"5":0,"6":0,"7":0,"8":0,"9":0,"10":0,"11":0,"12":0,"13":0,"14":0,"15":0,"16":0,"17":0,"18":2,"19":2,"20":2,"21":2,"22":2,"23":2},"f":{"0":0,"1":0,"2":0,"3":0,"4":0,"5":0,"6":2},"b":{},"_coverageSchema":"1a1c01bbd47fc00a2c39e90264f33305004495a9","hash":"aafd175d9d0833c15f1ef74eca437f43e826f267"}
,"C:\\Users\\rutujabp\\Cariparma\\QsrApp\\src\\redux\\store.ts": {"path":"C:\\Users\\rutujabp\\Cariparma\\QsrApp\\src\\redux\\store.ts","statementMap":{"0":{"start":{"line":7,"column":23},"end":{"line":7,"column":45}},"1":{"start":{"line":8,"column":22},"end":{"line":11,"column":1}},"2":{"start":{"line":13,"column":25},"end":{"line":13,"column":67}},"3":{"start":{"line":14,"column":14},"end":{"line":14,"column":76}},"4":{"start":{"line":15,"column":0},"end":{"line":15,"column":29}},"5":{"start":{"line":16,"column":25},"end":{"line":16,"column":44}}},"fnMap":{},"branchMap":{},"s":{"0":2,"1":2,"2":2,"3":2,"4":2,"5":2},"f":{},"b":{},"_coverageSchema":"1a1c01bbd47fc00a2c39e90264f33305004495a9","hash":"9e7597c396c38b09dc4fc2be36e19f9ca487cf73"}
,"C:\\Users\\rutujabp\\Cariparma\\QsrApp\\src\\screens\\CartScreen\\CartScreen.tsx": {"path":"C:\\Users\\rutujabp\\Cariparma\\QsrApp\\src\\screens\\CartScreen\\CartScreen.tsx","statementMap":{"0":{"start":{"line":13,"column":19},"end":{"line":113,"column":1}},"1":{"start":{"line":14,"column":22},"end":{"line":14,"column":74}},"2":{"start":{"line":14,"column":50},"end":{"line":14,"column":73}},"3":{"start":{"line":15,"column":40},"end":{"line":15,"column":51}},"4":{"start":{"line":16,"column":40},"end":{"line":16,"column":51}},"5":{"start":{"line":17,"column":34},"end":{"line":17,"column":48}},"6":{"start":{"line":19,"column":4},"end":{"line":28,"column":22}},"7":{"start":{"line":20,"column":20},"end":{"line":20,"column":21}},"8":{"start":{"line":21,"column":8},"end":{"line":24,"column":11}},"9":{"start":{"line":22,"column":12},"end":{"line":22,"column":22}},"10":{"start":{"line":23,"column":12},"end":{"line":23,"column":30}},"11":{"start":{"line":25,"column":8},"end":{"line":27,"column":9}},"12":{"start":{"line":26,"column":10},"end":{"line":26,"column":27}},"13":{"start":{"line":30,"column":4},"end":{"line":40,"column":20}},"14":{"start":{"line":31,"column":28},"end":{"line":31,"column":29}},"15":{"start":{"line":32,"column":28},"end":{"line":32,"column":29}},"16":{"start":{"line":34,"column":8},"end":{"line":37,"column":11}},"17":{"start":{"line":35,"column":12},"end":{"line":35,"column":38}},"18":{"start":{"line":36,"column":12},"end":{"line":36,"column":51}},"19":{"start":{"line":38,"column":8},"end":{"line":38,"column":37}},"20":{"start":{"line":39,"column":8},"end":{"line":39,"column":37}},"21":{"start":{"line":42,"column":4},"end":{"line":112,"column":5}},"22":{"start":{"line":49,"column":20},"end":{"line":57,"column":27}}},"fnMap":{"0":{"name":"(anonymous_0)","decl":{"start":{"line":13,"column":19},"end":{"line":13,"column":20}},"loc":{"start":{"line":13,"column":35},"end":{"line":113,"column":1}},"line":13},"1":{"name":"(anonymous_1)","decl":{"start":{"line":14,"column":34},"end":{"line":14,"column":35}},"loc":{"start":{"line":14,"column":50},"end":{"line":14,"column":73}},"line":14},"2":{"name":"(anonymous_2)","decl":{"start":{"line":19,"column":14},"end":{"line":19,"column":15}},"loc":{"start":{"line":19,"column":20},"end":{"line":28,"column":7}},"line":19},"3":{"name":"(anonymous_3)","decl":{"start":{"line":21,"column":26},"end":{"line":21,"column":27}},"loc":{"start":{"line":21,"column":34},"end":{"line":24,"column":9}},"line":21},"4":{"name":"(anonymous_4)","decl":{"start":{"line":30,"column":14},"end":{"line":30,"column":15}},"loc":{"start":{"line":30,"column":20},"end":{"line":40,"column":5}},"line":30},"5":{"name":"(anonymous_5)","decl":{"start":{"line":34,"column":26},"end":{"line":34,"column":27}},"loc":{"start":{"line":34,"column":34},"end":{"line":37,"column":9}},"line":34},"6":{"name":"(anonymous_6)","decl":{"start":{"line":48,"column":31},"end":{"line":48,"column":32}},"loc":{"start":{"line":49,"column":20},"end":{"line":57,"column":27}},"line":49},"7":{"name":"(anonymous_7)","decl":{"start":{"line":92,"column":29},"end":{"line":92,"column":30}},"loc":{"start":{"line":92,"column":35},"end":{"line":92,"column":38}},"line":92}},"branchMap":{"0":{"loc":{"start":{"line":25,"column":8},"end":{"line":27,"column":9}},"type":"if","locations":[{"start":{"line":25,"column":8},"end":{"line":27,"column":9}},{"start":{},"end":{}}],"line":25},"1":{"loc":{"start":{"line":42,"column":11},"end":{"line":112,"column":5}},"type":"cond-expr","locations":[{"start":{"line":43,"column":8},"end":{"line":95,"column":15}},{"start":{"line":97,"column":12},"end":{"line":111,"column":11}}],"line":42}},"s":{"0":1,"1":5,"2":6,"3":4,"4":4,"5":4,"6":4,"7":2,"8":2,"9":4,"10":4,"11":2,"12":0,"13":4,"14":2,"15":2,"16":2,"17":4,"18":4,"19":2,"20":2,"21":4,"22":4},"f":{"0":5,"1":6,"2":2,"3":4,"4":2,"5":4,"6":4,"7":0},"b":{"0":[0,2],"1":[2,2]},"_coverageSchema":"1a1c01bbd47fc00a2c39e90264f33305004495a9","hash":"c3bcb697f9d530f22433bcaed4d4e5a0bf279131"}
,"C:\\Users\\rutujabp\\Cariparma\\QsrApp\\src\\screens\\CartScreen\\styles.ts": {"path":"C:\\Users\\rutujabp\\Cariparma\\QsrApp\\src\\screens\\CartScreen\\styles.ts","statementMap":{"0":{"start":{"line":6,"column":15},"end":{"line":76,"column":2}}},"fnMap":{},"branchMap":{},"s":{"0":1},"f":{},"b":{},"_coverageSchema":"1a1c01bbd47fc00a2c39e90264f33305004495a9","hash":"2c044646563632a8b947ee7b7c664a83de9fc927"}
,"C:\\Users\\rutujabp\\Cariparma\\QsrApp\\src\\screens\\CategoryScreen\\CategoryScreen.tsx": {"path":"C:\\Users\\rutujabp\\Cariparma\\QsrApp\\src\\screens\\CategoryScreen\\CategoryScreen.tsx","statementMap":{"0":{"start":{"line":9,"column":23},"end":{"line":51,"column":1}},"1":{"start":{"line":10,"column":30},"end":{"line":10,"column":35}},"2":{"start":{"line":12,"column":19},"end":{"line":12,"column":32}},"3":{"start":{"line":13,"column":20},"end":{"line":13,"column":72}},"4":{"start":{"line":13,"column":48},"end":{"line":13,"column":71}},"5":{"start":{"line":14,"column":19},"end":{"line":17,"column":3}},"6":{"start":{"line":15,"column":4},"end":{"line":15,"column":40}},"7":{"start":{"line":16,"column":4},"end":{"line":16,"column":37}},"8":{"start":{"line":19,"column":2},"end":{"line":50,"column":4}},"9":{"start":{"line":25,"column":10},"end":{"line":45,"column":17}},"10":{"start":{"line":33,"column":16},"end":{"line":33,"column":31}},"11":{"start":{"line":36,"column":16},"end":{"line":42,"column":19}}},"fnMap":{"0":{"name":"(anonymous_0)","decl":{"start":{"line":9,"column":23},"end":{"line":9,"column":24}},"loc":{"start":{"line":9,"column":39},"end":{"line":51,"column":1}},"line":9},"1":{"name":"(anonymous_1)","decl":{"start":{"line":13,"column":32},"end":{"line":13,"column":33}},"loc":{"start":{"line":13,"column":48},"end":{"line":13,"column":71}},"line":13},"2":{"name":"(anonymous_2)","decl":{"start":{"line":14,"column":19},"end":{"line":14,"column":20}},"loc":{"start":{"line":14,"column":34},"end":{"line":17,"column":3}},"line":14},"3":{"name":"(anonymous_3)","decl":{"start":{"line":24,"column":20},"end":{"line":24,"column":21}},"loc":{"start":{"line":25,"column":10},"end":{"line":45,"column":17}},"line":25},"4":{"name":"(anonymous_4)","decl":{"start":{"line":32,"column":26},"end":{"line":32,"column":27}},"loc":{"start":{"line":32,"column":32},"end":{"line":34,"column":15}},"line":32},"5":{"name":"(anonymous_5)","decl":{"start":{"line":35,"column":23},"end":{"line":35,"column":24}},"loc":{"start":{"line":35,"column":29},"end":{"line":43,"column":15}},"line":35}},"branchMap":{},"s":{"0":1,"1":2,"2":1,"3":1,"4":2,"5":1,"6":0,"7":0,"8":1,"9":4,"10":0,"11":0},"f":{"0":2,"1":2,"2":0,"3":4,"4":0,"5":0},"b":{},"_coverageSchema":"1a1c01bbd47fc00a2c39e90264f33305004495a9","hash":"b9a765a161977da9e110b87268f5964f99bb4c22"}
,"C:\\Users\\rutujabp\\Cariparma\\QsrApp\\src\\screens\\CategoryScreen\\styles.ts": {"path":"C:\\Users\\rutujabp\\Cariparma\\QsrApp\\src\\screens\\CategoryScreen\\styles.ts","statementMap":{"0":{"start":{"line":7,"column":22},"end":{"line":19,"column":2}}},"fnMap":{},"branchMap":{},"s":{"0":1},"f":{},"b":{},"_coverageSchema":"1a1c01bbd47fc00a2c39e90264f33305004495a9","hash":"fa86938af806e6ce1c7ec2282404bad4c03c435f"}
,"C:\\Users\\rutujabp\\Cariparma\\QsrApp\\src\\screens\\HomeScreen\\HomeScreen.tsx": {"path":"C:\\Users\\rutujabp\\Cariparma\\QsrApp\\src\\screens\\HomeScreen\\HomeScreen.tsx","statementMap":{"0":{"start":{"line":18,"column":19},"end":{"line":178,"column":1}},"1":{"start":{"line":19,"column":21},"end":{"line":19,"column":34}},"2":{"start":{"line":20,"column":30},"end":{"line":20,"column":44}},"3":{"start":{"line":21,"column":34},"end":{"line":21,"column":49}},"4":{"start":{"line":22,"column":32},"end":{"line":22,"column":44}},"5":{"start":{"line":23,"column":46},"end":{"line":23,"column":61}},"6":{"start":{"line":24,"column":56},"end":{"line":24,"column":74}},"7":{"start":{"line":25,"column":27},"end":{"line":25,"column":32}},"8":{"start":{"line":28,"column":25},"end":{"line":31,"column":5}},"9":{"start":{"line":29,"column":8},"end":{"line":30,"column":35}},"10":{"start":{"line":33,"column":29},"end":{"line":38,"column":5}},"11":{"start":{"line":34,"column":25},"end":{"line":36,"column":9}},"12":{"start":{"line":35,"column":12},"end":{"line":35,"column":70}},"13":{"start":{"line":37,"column":8},"end":{"line":37,"column":40}},"14":{"start":{"line":40,"column":21},"end":{"line":42,"column":5}},"15":{"start":{"line":41,"column":8},"end":{"line":41,"column":44}},"16":{"start":{"line":44,"column":33},"end":{"line":47,"column":5}},"17":{"start":{"line":45,"column":8},"end":{"line":45,"column":29}},"18":{"start":{"line":46,"column":8},"end":{"line":46,"column":24}},"19":{"start":{"line":48,"column":32},"end":{"line":51,"column":5}},"20":{"start":{"line":49,"column":8},"end":{"line":49,"column":30}},"21":{"start":{"line":50,"column":8},"end":{"line":50,"column":25}},"22":{"start":{"line":53,"column":23},"end":{"line":56,"column":5}},"23":{"start":{"line":54,"column":8},"end":{"line":55,"column":22}},"24":{"start":{"line":58,"column":4},"end":{"line":177,"column":5}},"25":{"start":{"line":72,"column":39},"end":{"line":72,"column":61}},"26":{"start":{"line":73,"column":38},"end":{"line":73,"column":59}},"27":{"start":{"line":76,"column":28},"end":{"line":76,"column":49}},"28":{"start":{"line":77,"column":28},"end":{"line":77,"column":46}},"29":{"start":{"line":80,"column":28},"end":{"line":84,"column":30}},"30":{"start":{"line":102,"column":28},"end":{"line":102,"column":44}},"31":{"start":{"line":103,"column":28},"end":{"line":103,"column":51}},"32":{"start":{"line":121,"column":28},"end":{"line":127,"column":35}},"33":{"start":{"line":140,"column":24},"end":{"line":146,"column":48}},"34":{"start":{"line":145,"column":32},"end":{"line":145,"column":91}},"35":{"start":{"line":155,"column":66},"end":{"line":155,"column":108}},"36":{"start":{"line":161,"column":24},"end":{"line":169,"column":31}},"37":{"start":{"line":167,"column":49},"end":{"line":167,"column":65}}},"fnMap":{"0":{"name":"(anonymous_0)","decl":{"start":{"line":18,"column":19},"end":{"line":18,"column":20}},"loc":{"start":{"line":18,"column":35},"end":{"line":178,"column":1}},"line":18},"1":{"name":"(anonymous_1)","decl":{"start":{"line":28,"column":25},"end":{"line":28,"column":26}},"loc":{"start":{"line":28,"column":31},"end":{"line":31,"column":5}},"line":28},"2":{"name":"(anonymous_2)","decl":{"start":{"line":33,"column":29},"end":{"line":33,"column":30}},"loc":{"start":{"line":33,"column":45},"end":{"line":38,"column":5}},"line":33},"3":{"name":"(anonymous_3)","decl":{"start":{"line":34,"column":41},"end":{"line":34,"column":42}},"loc":{"start":{"line":35,"column":12},"end":{"line":35,"column":70}},"line":35},"4":{"name":"(anonymous_4)","decl":{"start":{"line":40,"column":21},"end":{"line":40,"column":22}},"loc":{"start":{"line":40,"column":36},"end":{"line":42,"column":5}},"line":40},"5":{"name":"(anonymous_5)","decl":{"start":{"line":44,"column":33},"end":{"line":44,"column":34}},"loc":{"start":{"line":44,"column":39},"end":{"line":47,"column":5}},"line":44},"6":{"name":"(anonymous_6)","decl":{"start":{"line":48,"column":32},"end":{"line":48,"column":33}},"loc":{"start":{"line":48,"column":38},"end":{"line":51,"column":5}},"line":48},"7":{"name":"(anonymous_7)","decl":{"start":{"line":53,"column":23},"end":{"line":53,"column":24}},"loc":{"start":{"line":53,"column":38},"end":{"line":56,"column":5}},"line":53},"8":{"name":"(anonymous_8)","decl":{"start":{"line":72,"column":33},"end":{"line":72,"column":34}},"loc":{"start":{"line":72,"column":39},"end":{"line":72,"column":61}},"line":72},"9":{"name":"(anonymous_9)","decl":{"start":{"line":73,"column":32},"end":{"line":73,"column":33}},"loc":{"start":{"line":73,"column":38},"end":{"line":73,"column":59}},"line":73},"10":{"name":"(anonymous_10)","decl":{"start":{"line":74,"column":34},"end":{"line":74,"column":35}},"loc":{"start":{"line":74,"column":42},"end":{"line":78,"column":25}},"line":74},"11":{"name":"(anonymous_11)","decl":{"start":{"line":79,"column":41},"end":{"line":79,"column":42}},"loc":{"start":{"line":80,"column":28},"end":{"line":84,"column":30}},"line":80},"12":{"name":"(anonymous_12)","decl":{"start":{"line":101,"column":38},"end":{"line":101,"column":39}},"loc":{"start":{"line":101,"column":46},"end":{"line":104,"column":25}},"line":101},"13":{"name":"(anonymous_13)","decl":{"start":{"line":119,"column":38},"end":{"line":119,"column":39}},"loc":{"start":{"line":119,"column":47},"end":{"line":119,"column":50}},"line":119},"14":{"name":"(anonymous_14)","decl":{"start":{"line":120,"column":36},"end":{"line":120,"column":37}},"loc":{"start":{"line":121,"column":28},"end":{"line":127,"column":35}},"line":121},"15":{"name":"(anonymous_15)","decl":{"start":{"line":139,"column":32},"end":{"line":139,"column":33}},"loc":{"start":{"line":140,"column":24},"end":{"line":146,"column":48}},"line":140},"16":{"name":"(anonymous_16)","decl":{"start":{"line":144,"column":37},"end":{"line":144,"column":38}},"loc":{"start":{"line":144,"column":43},"end":{"line":146,"column":29}},"line":144},"17":{"name":"(anonymous_17)","decl":{"start":{"line":155,"column":59},"end":{"line":155,"column":60}},"loc":{"start":{"line":155,"column":65},"end":{"line":155,"column":109}},"line":155},"18":{"name":"(anonymous_18)","decl":{"start":{"line":160,"column":32},"end":{"line":160,"column":33}},"loc":{"start":{"line":161,"column":24},"end":{"line":169,"column":31}},"line":161},"19":{"name":"(anonymous_19)","decl":{"start":{"line":167,"column":42},"end":{"line":167,"column":43}},"loc":{"start":{"line":167,"column":48},"end":{"line":167,"column":66}},"line":167}},"branchMap":{"0":{"loc":{"start":{"line":59,"column":67},"end":{"line":59,"column":91}},"type":"cond-expr","locations":[{"start":{"line":59,"column":84},"end":{"line":59,"column":87}},{"start":{"line":59,"column":90},"end":{"line":59,"column":91}}],"line":59}},"s":{"0":1,"1":2,"2":1,"3":1,"4":1,"5":1,"6":1,"7":1,"8":1,"9":0,"10":1,"11":0,"12":0,"13":0,"14":1,"15":0,"16":1,"17":0,"18":0,"19":1,"20":1,"21":1,"22":1,"23":0,"24":1,"25":0,"26":1,"27":0,"28":0,"29":2,"30":0,"31":0,"32":3,"33":4,"34":0,"35":0,"36":4,"37":0},"f":{"0":2,"1":0,"2":0,"3":0,"4":0,"5":0,"6":1,"7":0,"8":0,"9":1,"10":0,"11":2,"12":0,"13":0,"14":3,"15":4,"16":0,"17":0,"18":4,"19":0},"b":{"0":[0,1]},"_coverageSchema":"1a1c01bbd47fc00a2c39e90264f33305004495a9","hash":"275cacb65758edee28a77ed9047b99c1aa7fc7df"}
,"C:\\Users\\rutujabp\\Cariparma\\QsrApp\\src\\screens\\HomeScreen\\styles.ts": {"path":"C:\\Users\\rutujabp\\Cariparma\\QsrApp\\src\\screens\\HomeScreen\\styles.ts","statementMap":{"0":{"start":{"line":6,"column":15},"end":{"line":85,"column":2}}},"fnMap":{},"branchMap":{},"s":{"0":1},"f":{},"b":{},"_coverageSchema":"1a1c01bbd47fc00a2c39e90264f33305004495a9","hash":"9fcdc90a5fa6c3959cb9a3b648f5c03f5b864a45"}
,"C:\\Users\\rutujabp\\Cariparma\\QsrApp\\src\\screens\\LoginScreen\\LoginScreen.tsx": {"path":"C:\\Users\\rutujabp\\Cariparma\\QsrApp\\src\\screens\\LoginScreen\\LoginScreen.tsx","statementMap":{"0":{"start":{"line":26,"column":20},"end":{"line":156,"column":1}},"1":{"start":{"line":27,"column":27},"end":{"line":27,"column":32}},"2":{"start":{"line":28,"column":21},"end":{"line":28,"column":34}},"3":{"start":{"line":29,"column":18},"end":{"line":29,"column":66}},"4":{"start":{"line":29,"column":46},"end":{"line":29,"column":65}},"5":{"start":{"line":30,"column":26},"end":{"line":33,"column":5}},"6":{"start":{"line":34,"column":22},"end":{"line":34,"column":30}},"7":{"start":{"line":36,"column":21},"end":{"line":55,"column":5}},"8":{"start":{"line":37,"column":21},"end":{"line":37,"column":75}},"9":{"start":{"line":37,"column":47},"end":{"line":37,"column":74}},"10":{"start":{"line":38,"column":26},"end":{"line":38,"column":80}},"11":{"start":{"line":38,"column":52},"end":{"line":38,"column":79}},"12":{"start":{"line":39,"column":8},"end":{"line":54,"column":9}},"13":{"start":{"line":40,"column":12},"end":{"line":43,"column":14}},"14":{"start":{"line":44,"column":15},"end":{"line":54,"column":9}},"15":{"start":{"line":45,"column":12},"end":{"line":48,"column":14}},"16":{"start":{"line":49,"column":15},"end":{"line":54,"column":9}},"17":{"start":{"line":50,"column":12},"end":{"line":50,"column":46}},"18":{"start":{"line":51,"column":12},"end":{"line":51,"column":42}},"19":{"start":{"line":53,"column":12},"end":{"line":53,"column":76}},"20":{"start":{"line":57,"column":4},"end":{"line":155,"column":6}},"21":{"start":{"line":96,"column":36},"end":{"line":134,"column":43}},"22":{"start":{"line":102,"column":58},"end":{"line":102,"column":82}},"23":{"start":{"line":112,"column":58},"end":{"line":112,"column":85}},"24":{"start":{"line":143,"column":40},"end":{"line":143,"column":76}}},"fnMap":{"0":{"name":"(anonymous_0)","decl":{"start":{"line":26,"column":20},"end":{"line":26,"column":21}},"loc":{"start":{"line":26,"column":36},"end":{"line":156,"column":1}},"line":26},"1":{"name":"(anonymous_1)","decl":{"start":{"line":29,"column":30},"end":{"line":29,"column":31}},"loc":{"start":{"line":29,"column":46},"end":{"line":29,"column":65}},"line":29},"2":{"name":"(anonymous_2)","decl":{"start":{"line":36,"column":21},"end":{"line":36,"column":22}},"loc":{"start":{"line":36,"column":38},"end":{"line":55,"column":5}},"line":36},"3":{"name":"(anonymous_3)","decl":{"start":{"line":37,"column":32},"end":{"line":37,"column":33}},"loc":{"start":{"line":37,"column":47},"end":{"line":37,"column":74}},"line":37},"4":{"name":"(anonymous_4)","decl":{"start":{"line":38,"column":37},"end":{"line":38,"column":38}},"loc":{"start":{"line":38,"column":52},"end":{"line":38,"column":79}},"line":38},"5":{"name":"(anonymous_5)","decl":{"start":{"line":88,"column":33},"end":{"line":88,"column":34}},"loc":{"start":{"line":96,"column":36},"end":{"line":134,"column":43}},"line":96},"6":{"name":"(anonymous_6)","decl":{"start":{"line":102,"column":52},"end":{"line":102,"column":53}},"loc":{"start":{"line":102,"column":58},"end":{"line":102,"column":82}},"line":102},"7":{"name":"(anonymous_7)","decl":{"start":{"line":112,"column":52},"end":{"line":112,"column":53}},"loc":{"start":{"line":112,"column":58},"end":{"line":112,"column":85}},"line":112},"8":{"name":"(anonymous_8)","decl":{"start":{"line":142,"column":45},"end":{"line":142,"column":46}},"loc":{"start":{"line":142,"column":51},"end":{"line":144,"column":37}},"line":142}},"branchMap":{"0":{"loc":{"start":{"line":39,"column":8},"end":{"line":54,"column":9}},"type":"if","locations":[{"start":{"line":39,"column":8},"end":{"line":54,"column":9}},{"start":{"line":44,"column":15},"end":{"line":54,"column":9}}],"line":39},"1":{"loc":{"start":{"line":44,"column":15},"end":{"line":54,"column":9}},"type":"if","locations":[{"start":{"line":44,"column":15},"end":{"line":54,"column":9}},{"start":{"line":49,"column":15},"end":{"line":54,"column":9}}],"line":44},"2":{"loc":{"start":{"line":44,"column":19},"end":{"line":44,"column":65}},"type":"binary-expr","locations":[{"start":{"line":44,"column":19},"end":{"line":44,"column":28}},{"start":{"line":44,"column":32},"end":{"line":44,"column":65}}],"line":44},"3":{"loc":{"start":{"line":49,"column":15},"end":{"line":54,"column":9}},"type":"if","locations":[{"start":{"line":49,"column":15},"end":{"line":54,"column":9}},{"start":{"line":52,"column":15},"end":{"line":54,"column":9}}],"line":49},"4":{"loc":{"start":{"line":49,"column":19},"end":{"line":49,"column":65}},"type":"binary-expr","locations":[{"start":{"line":49,"column":19},"end":{"line":49,"column":28}},{"start":{"line":49,"column":32},"end":{"line":49,"column":65}}],"line":49},"5":{"loc":{"start":{"line":103,"column":53},"end":{"line":103,"column":97}},"type":"cond-expr","locations":[{"start":{"line":103,"column":85},"end":{"line":103,"column":89}},{"start":{"line":103,"column":92},"end":{"line":103,"column":97}}],"line":103},"6":{"loc":{"start":{"line":103,"column":53},"end":{"line":103,"column":82}},"type":"binary-expr","locations":[{"start":{"line":103,"column":53},"end":{"line":103,"column":66}},{"start":{"line":103,"column":70},"end":{"line":103,"column":82}}],"line":103},"7":{"loc":{"start":{"line":114,"column":48},"end":{"line":114,"column":98}},"type":"cond-expr","locations":[{"start":{"line":114,"column":86},"end":{"line":114,"column":90}},{"start":{"line":114,"column":93},"end":{"line":114,"column":98}}],"line":114},"8":{"loc":{"start":{"line":114,"column":48},"end":{"line":114,"column":83}},"type":"binary-expr","locations":[{"start":{"line":114,"column":48},"end":{"line":114,"column":64}},{"start":{"line":114,"column":68},"end":{"line":114,"column":83}}],"line":114}},"s":{"0":1,"1":3,"2":2,"3":2,"4":4,"5":2,"6":2,"7":2,"8":1,"9":1,"10":1,"11":1,"12":1,"13":0,"14":1,"15":1,"16":0,"17":0,"18":0,"19":0,"20":2,"21":8,"22":0,"23":0,"24":0},"f":{"0":3,"1":4,"2":1,"3":1,"4":1,"5":8,"6":0,"7":0,"8":0},"b":{"0":[0,1],"1":[1,0],"2":[1,1],"3":[0,0],"4":[0,0],"5":[0,8],"6":[8,4],"7":[0,8],"8":[8,4]},"_coverageSchema":"1a1c01bbd47fc00a2c39e90264f33305004495a9","hash":"f04b8813f1aa5e33404e13e77dcacd7f913439cb"}
,"C:\\Users\\rutujabp\\Cariparma\\QsrApp\\src\\screens\\LoginScreen\\styles.ts": {"path":"C:\\Users\\rutujabp\\Cariparma\\QsrApp\\src\\screens\\LoginScreen\\styles.ts","statementMap":{"0":{"start":{"line":5,"column":22},"end":{"line":60,"column":2}}},"fnMap":{},"branchMap":{},"s":{"0":1},"f":{},"b":{},"_coverageSchema":"1a1c01bbd47fc00a2c39e90264f33305004495a9","hash":"0f0dedadc9ef834003d98decb68e19194a0f21cc"}
,"C:\\Users\\rutujabp\\Cariparma\\QsrApp\\src\\screens\\OnboardingScreen\\OnboardingScreen.tsx": {"path":"C:\\Users\\rutujabp\\Cariparma\\QsrApp\\src\\screens\\OnboardingScreen\\OnboardingScreen.tsx","statementMap":{"0":{"start":{"line":11,"column":25},"end":{"line":34,"column":1}},"1":{"start":{"line":12,"column":25},"end":{"line":12,"column":30}},"2":{"start":{"line":13,"column":4},"end":{"line":33,"column":5}},"3":{"start":{"line":29,"column":34},"end":{"line":29,"column":68}}},"fnMap":{"0":{"name":"(anonymous_0)","decl":{"start":{"line":11,"column":25},"end":{"line":11,"column":26}},"loc":{"start":{"line":11,"column":41},"end":{"line":34,"column":1}},"line":11},"1":{"name":"(anonymous_1)","decl":{"start":{"line":29,"column":29},"end":{"line":29,"column":30}},"loc":{"start":{"line":29,"column":33},"end":{"line":29,"column":69}},"line":29}},"branchMap":{},"s":{"0":1,"1":2,"2":1,"3":0},"f":{"0":2,"1":0},"b":{},"_coverageSchema":"1a1c01bbd47fc00a2c39e90264f33305004495a9","hash":"eec5a38b001cbc2d4077a85a0b55d2fccc0e3063"}
,"C:\\Users\\rutujabp\\Cariparma\\QsrApp\\src\\screens\\OnboardingScreen\\styles.ts": {"path":"C:\\Users\\rutujabp\\Cariparma\\QsrApp\\src\\screens\\OnboardingScreen\\styles.ts","statementMap":{"0":{"start":{"line":6,"column":15},"end":{"line":41,"column":2}}},"fnMap":{},"branchMap":{},"s":{"0":1},"f":{},"b":{},"_coverageSchema":"1a1c01bbd47fc00a2c39e90264f33305004495a9","hash":"edf5ca2c0b531eb7d5dcf39d40b84bfc24cf9205"}
,"C:\\Users\\rutujabp\\Cariparma\\QsrApp\\src\\screens\\ProductDetailsScreen\\ProductDetailsScreen.tsx": {"path":"C:\\Users\\rutujabp\\Cariparma\\QsrApp\\src\\screens\\ProductDetailsScreen\\ProductDetailsScreen.tsx","statementMap":{"0":{"start":{"line":16,"column":29},"end":{"line":76,"column":1}},"1":{"start":{"line":17,"column":34},"end":{"line":17,"column":39}},"2":{"start":{"line":18,"column":21},"end":{"line":18,"column":34}},"3":{"start":{"line":19,"column":28},"end":{"line":19,"column":46}},"4":{"start":{"line":21,"column":21},"end":{"line":24,"column":5}},"5":{"start":{"line":22,"column":8},"end":{"line":22,"column":64}},"6":{"start":{"line":23,"column":8},"end":{"line":23,"column":92}},"7":{"start":{"line":26,"column":4},"end":{"line":75,"column":5}},"8":{"start":{"line":42,"column":46},"end":{"line":42,"column":59}},"9":{"start":{"line":68,"column":37},"end":{"line":68,"column":71}}},"fnMap":{"0":{"name":"(anonymous_0)","decl":{"start":{"line":16,"column":29},"end":{"line":16,"column":30}},"loc":{"start":{"line":16,"column":45},"end":{"line":76,"column":1}},"line":16},"1":{"name":"(anonymous_1)","decl":{"start":{"line":21,"column":21},"end":{"line":21,"column":22}},"loc":{"start":{"line":21,"column":27},"end":{"line":24,"column":5}},"line":21},"2":{"name":"(anonymous_2)","decl":{"start":{"line":42,"column":38},"end":{"line":42,"column":39}},"loc":{"start":{"line":42,"column":46},"end":{"line":42,"column":59}},"line":42},"3":{"name":"(anonymous_3)","decl":{"start":{"line":68,"column":29},"end":{"line":68,"column":30}},"loc":{"start":{"line":68,"column":35},"end":{"line":68,"column":73}},"line":68}},"branchMap":{},"s":{"0":1,"1":2,"2":1,"3":1,"4":1,"5":0,"6":0,"7":1,"8":0,"9":0},"f":{"0":2,"1":0,"2":0,"3":0},"b":{},"_coverageSchema":"1a1c01bbd47fc00a2c39e90264f33305004495a9","hash":"c984b7aaf0c4d687aa5801d4cdd54aae44689e46"}
,"C:\\Users\\rutujabp\\Cariparma\\QsrApp\\src\\screens\\ProductDetailsScreen\\styles.ts": {"path":"C:\\Users\\rutujabp\\Cariparma\\QsrApp\\src\\screens\\ProductDetailsScreen\\styles.ts","statementMap":{"0":{"start":{"line":6,"column":15},"end":{"line":90,"column":2}}},"fnMap":{},"branchMap":{},"s":{"0":1},"f":{},"b":{},"_coverageSchema":"1a1c01bbd47fc00a2c39e90264f33305004495a9","hash":"4f78d1dee0bd4f9d448c1568045c17aace683231"}
,"C:\\Users\\rutujabp\\Cariparma\\QsrApp\\src\\screens\\SignupScreen\\SignupScreen.tsx": {"path":"C:\\Users\\rutujabp\\Cariparma\\QsrApp\\src\\screens\\SignupScreen\\SignupScreen.tsx","statementMap":{"0":{"start":{"line":25,"column":21},"end":{"line":211,"column":1}},"1":{"start":{"line":26,"column":19},"end":{"line":26,"column":32}},"2":{"start":{"line":27,"column":16},"end":{"line":27,"column":64}},"3":{"start":{"line":27,"column":44},"end":{"line":27,"column":63}},"4":{"start":{"line":28,"column":23},"end":{"line":28,"column":28}},"5":{"start":{"line":30,"column":24},"end":{"line":36,"column":3}},"6":{"start":{"line":37,"column":20},"end":{"line":37,"column":28}},"7":{"start":{"line":39,"column":19},"end":{"line":68,"column":3}},"8":{"start":{"line":40,"column":22},"end":{"line":40,"column":76}},"9":{"start":{"line":40,"column":48},"end":{"line":40,"column":75}},"10":{"start":{"line":41,"column":4},"end":{"line":67,"column":5}},"11":{"start":{"line":42,"column":6},"end":{"line":56,"column":8}},"12":{"start":{"line":52,"column":14},"end":{"line":52,"column":49}},"13":{"start":{"line":58,"column":23},"end":{"line":64,"column":7}},"14":{"start":{"line":65,"column":6},"end":{"line":65,"column":41}},"15":{"start":{"line":66,"column":6},"end":{"line":66,"column":41}},"16":{"start":{"line":70,"column":2},"end":{"line":210,"column":4}},"17":{"start":{"line":111,"column":18},"end":{"line":189,"column":25}},"18":{"start":{"line":117,"column":36},"end":{"line":117,"column":59}},"19":{"start":{"line":127,"column":36},"end":{"line":127,"column":60}},"20":{"start":{"line":137,"column":36},"end":{"line":137,"column":66}},"21":{"start":{"line":151,"column":36},"end":{"line":151,"column":63}},"22":{"start":{"line":165,"column":36},"end":{"line":165,"column":70}},"23":{"start":{"line":198,"column":20},"end":{"line":198,"column":55}}},"fnMap":{"0":{"name":"(anonymous_0)","decl":{"start":{"line":25,"column":21},"end":{"line":25,"column":22}},"loc":{"start":{"line":25,"column":37},"end":{"line":211,"column":1}},"line":25},"1":{"name":"(anonymous_1)","decl":{"start":{"line":27,"column":28},"end":{"line":27,"column":29}},"loc":{"start":{"line":27,"column":44},"end":{"line":27,"column":63}},"line":27},"2":{"name":"(anonymous_2)","decl":{"start":{"line":39,"column":19},"end":{"line":39,"column":20}},"loc":{"start":{"line":39,"column":36},"end":{"line":68,"column":3}},"line":39},"3":{"name":"(anonymous_3)","decl":{"start":{"line":40,"column":33},"end":{"line":40,"column":34}},"loc":{"start":{"line":40,"column":48},"end":{"line":40,"column":75}},"line":40},"4":{"name":"(anonymous_4)","decl":{"start":{"line":51,"column":21},"end":{"line":51,"column":22}},"loc":{"start":{"line":51,"column":27},"end":{"line":53,"column":13}},"line":51},"5":{"name":"(anonymous_5)","decl":{"start":{"line":102,"column":17},"end":{"line":102,"column":18}},"loc":{"start":{"line":111,"column":18},"end":{"line":189,"column":25}},"line":111},"6":{"name":"(anonymous_6)","decl":{"start":{"line":117,"column":30},"end":{"line":117,"column":31}},"loc":{"start":{"line":117,"column":36},"end":{"line":117,"column":59}},"line":117},"7":{"name":"(anonymous_7)","decl":{"start":{"line":127,"column":30},"end":{"line":127,"column":31}},"loc":{"start":{"line":127,"column":36},"end":{"line":127,"column":60}},"line":127},"8":{"name":"(anonymous_8)","decl":{"start":{"line":137,"column":30},"end":{"line":137,"column":31}},"loc":{"start":{"line":137,"column":36},"end":{"line":137,"column":66}},"line":137},"9":{"name":"(anonymous_9)","decl":{"start":{"line":151,"column":30},"end":{"line":151,"column":31}},"loc":{"start":{"line":151,"column":36},"end":{"line":151,"column":63}},"line":151},"10":{"name":"(anonymous_10)","decl":{"start":{"line":165,"column":30},"end":{"line":165,"column":31}},"loc":{"start":{"line":165,"column":36},"end":{"line":165,"column":70}},"line":165},"11":{"name":"(anonymous_11)","decl":{"start":{"line":197,"column":27},"end":{"line":197,"column":28}},"loc":{"start":{"line":197,"column":33},"end":{"line":199,"column":19}},"line":197}},"branchMap":{"0":{"loc":{"start":{"line":41,"column":4},"end":{"line":67,"column":5}},"type":"if","locations":[{"start":{"line":41,"column":4},"end":{"line":67,"column":5}},{"start":{"line":57,"column":11},"end":{"line":67,"column":5}}],"line":41},"1":{"loc":{"start":{"line":118,"column":31},"end":{"line":118,"column":73}},"type":"cond-expr","locations":[{"start":{"line":118,"column":61},"end":{"line":118,"column":65}},{"start":{"line":118,"column":68},"end":{"line":118,"column":73}}],"line":118},"2":{"loc":{"start":{"line":118,"column":31},"end":{"line":118,"column":58}},"type":"binary-expr","locations":[{"start":{"line":118,"column":31},"end":{"line":118,"column":43}},{"start":{"line":118,"column":47},"end":{"line":118,"column":58}}],"line":118},"3":{"loc":{"start":{"line":128,"column":31},"end":{"line":128,"column":75}},"type":"cond-expr","locations":[{"start":{"line":128,"column":63},"end":{"line":128,"column":67}},{"start":{"line":128,"column":70},"end":{"line":128,"column":75}}],"line":128},"4":{"loc":{"start":{"line":128,"column":31},"end":{"line":128,"column":60}},"type":"binary-expr","locations":[{"start":{"line":128,"column":31},"end":{"line":128,"column":44}},{"start":{"line":128,"column":48},"end":{"line":128,"column":60}}],"line":128},"5":{"loc":{"start":{"line":141,"column":24},"end":{"line":141,"column":80}},"type":"cond-expr","locations":[{"start":{"line":141,"column":68},"end":{"line":141,"column":72}},{"start":{"line":141,"column":75},"end":{"line":141,"column":80}}],"line":141},"6":{"loc":{"start":{"line":141,"column":24},"end":{"line":141,"column":65}},"type":"binary-expr","locations":[{"start":{"line":141,"column":24},"end":{"line":141,"column":43}},{"start":{"line":141,"column":47},"end":{"line":141,"column":65}}],"line":141},"7":{"loc":{"start":{"line":153,"column":24},"end":{"line":153,"column":74}},"type":"cond-expr","locations":[{"start":{"line":153,"column":62},"end":{"line":153,"column":66}},{"start":{"line":153,"column":69},"end":{"line":153,"column":74}}],"line":153},"8":{"loc":{"start":{"line":153,"column":24},"end":{"line":153,"column":59}},"type":"binary-expr","locations":[{"start":{"line":153,"column":24},"end":{"line":153,"column":40}},{"start":{"line":153,"column":44},"end":{"line":153,"column":59}}],"line":153},"9":{"loc":{"start":{"line":167,"column":24},"end":{"line":169,"column":33}},"type":"cond-expr","locations":[{"start":{"line":168,"column":28},"end":{"line":168,"column":32}},{"start":{"line":169,"column":28},"end":{"line":169,"column":33}}],"line":167},"10":{"loc":{"start":{"line":167,"column":24},"end":{"line":167,"column":73}},"type":"binary-expr","locations":[{"start":{"line":167,"column":24},"end":{"line":167,"column":47}},{"start":{"line":167,"column":51},"end":{"line":167,"column":73}}],"line":167}},"s":{"0":1,"1":3,"2":2,"3":4,"4":2,"5":2,"6":2,"7":2,"8":0,"9":0,"10":0,"11":0,"12":0,"13":0,"14":0,"15":0,"16":2,"17":20,"18":0,"19":0,"20":0,"21":0,"22":0,"23":0},"f":{"0":3,"1":4,"2":0,"3":0,"4":0,"5":20,"6":0,"7":0,"8":0,"9":0,"10":0,"11":0},"b":{"0":[0,0],"1":[0,20],"2":[20,13],"3":[2,18],"4":[20,13],"5":[4,16],"6":[20,13],"7":[11,9],"8":[20,13],"9":[8,12],"10":[20,13]},"_coverageSchema":"1a1c01bbd47fc00a2c39e90264f33305004495a9","hash":"f6cdc7359bd6780cf77918a2fe413bd3dc461fc5"}
,"C:\\Users\\rutujabp\\Cariparma\\QsrApp\\src\\screens\\SignupScreen\\styles.ts": {"path":"C:\\Users\\rutujabp\\Cariparma\\QsrApp\\src\\screens\\SignupScreen\\styles.ts","statementMap":{"0":{"start":{"line":5,"column":22},"end":{"line":63,"column":2}}},"fnMap":{},"branchMap":{},"s":{"0":1},"f":{},"b":{},"_coverageSchema":"1a1c01bbd47fc00a2c39e90264f33305004495a9","hash":"60d2ed9d58e9633f697e8cda0d238d3e13346bb1"}
,"C:\\Users\\rutujabp\\Cariparma\\QsrApp\\src\\screens\\SpecialOffersScreen\\SpecialOffersScreen.tsx": {"path":"C:\\Users\\rutujabp\\Cariparma\\QsrApp\\src\\screens\\SpecialOffersScreen\\SpecialOffersScreen.tsx","statementMap":{"0":{"start":{"line":13,"column":27},"end":{"line":68,"column":1}},"1":{"start":{"line":14,"column":19},"end":{"line":14,"column":32}},"2":{"start":{"line":15,"column":25},"end":{"line":15,"column":30}},"3":{"start":{"line":16,"column":44},"end":{"line":16,"column":74}},"4":{"start":{"line":17,"column":40},"end":{"line":17,"column":52}},"5":{"start":{"line":19,"column":19},"end":{"line":21,"column":3}},"6":{"start":{"line":20,"column":4},"end":{"line":20,"column":40}},"7":{"start":{"line":23,"column":21},"end":{"line":26,"column":3}},"8":{"start":{"line":24,"column":4},"end":{"line":25,"column":18}},"9":{"start":{"line":28,"column":22},"end":{"line":33,"column":3}},"10":{"start":{"line":29,"column":21},"end":{"line":31,"column":5}},"11":{"start":{"line":30,"column":6},"end":{"line":30,"column":65}},"12":{"start":{"line":32,"column":4},"end":{"line":32,"column":31}},"13":{"start":{"line":35,"column":2},"end":{"line":67,"column":4}},"14":{"start":{"line":44,"column":12},"end":{"line":44,"column":33}},"15":{"start":{"line":45,"column":12},"end":{"line":45,"column":30}},"16":{"start":{"line":54,"column":10},"end":{"line":62,"column":17}},"17":{"start":{"line":60,"column":28},"end":{"line":60,"column":44}}},"fnMap":{"0":{"name":"(anonymous_0)","decl":{"start":{"line":13,"column":27},"end":{"line":13,"column":28}},"loc":{"start":{"line":13,"column":42},"end":{"line":68,"column":1}},"line":13},"1":{"name":"(anonymous_1)","decl":{"start":{"line":19,"column":19},"end":{"line":19,"column":20}},"loc":{"start":{"line":19,"column":34},"end":{"line":21,"column":3}},"line":19},"2":{"name":"(anonymous_2)","decl":{"start":{"line":23,"column":21},"end":{"line":23,"column":22}},"loc":{"start":{"line":23,"column":36},"end":{"line":26,"column":3}},"line":23},"3":{"name":"(anonymous_3)","decl":{"start":{"line":28,"column":22},"end":{"line":28,"column":23}},"loc":{"start":{"line":28,"column":38},"end":{"line":33,"column":3}},"line":28},"4":{"name":"(anonymous_4)","decl":{"start":{"line":29,"column":49},"end":{"line":29,"column":50}},"loc":{"start":{"line":30,"column":6},"end":{"line":30,"column":65}},"line":30},"5":{"name":"(anonymous_5)","decl":{"start":{"line":43,"column":24},"end":{"line":43,"column":25}},"loc":{"start":{"line":43,"column":32},"end":{"line":46,"column":11}},"line":43},"6":{"name":"(anonymous_6)","decl":{"start":{"line":53,"column":20},"end":{"line":53,"column":21}},"loc":{"start":{"line":54,"column":10},"end":{"line":62,"column":17}},"line":54},"7":{"name":"(anonymous_7)","decl":{"start":{"line":60,"column":23},"end":{"line":60,"column":24}},"loc":{"start":{"line":60,"column":27},"end":{"line":60,"column":45}},"line":60}},"branchMap":{},"s":{"0":1,"1":2,"2":1,"3":1,"4":1,"5":1,"6":0,"7":1,"8":0,"9":1,"10":0,"11":0,"12":0,"13":1,"14":0,"15":0,"16":6,"17":0},"f":{"0":2,"1":0,"2":0,"3":0,"4":0,"5":0,"6":6,"7":0},"b":{},"_coverageSchema":"1a1c01bbd47fc00a2c39e90264f33305004495a9","hash":"cebd1cef3da59462e1ffb0d1dea6b60b1465b933"}
,"C:\\Users\\rutujabp\\Cariparma\\QsrApp\\src\\screens\\SpecialOffersScreen\\styles.ts": {"path":"C:\\Users\\rutujabp\\Cariparma\\QsrApp\\src\\screens\\SpecialOffersScreen\\styles.ts","statementMap":{"0":{"start":{"line":6,"column":22},"end":{"line":29,"column":2}}},"fnMap":{},"branchMap":{},"s":{"0":1},"f":{},"b":{},"_coverageSchema":"1a1c01bbd47fc00a2c39e90264f33305004495a9","hash":"46d3091a1759e49b834c9e8f318e6e7477afaeee"}
,"C:\\Users\\rutujabp\\Cariparma\\QsrApp\\src\\utils\\baselocalization.ts": {"path":"C:\\Users\\rutujabp\\Cariparma\\QsrApp\\src\\utils\\baselocalization.ts","statementMap":{},"fnMap":{},"branchMap":{},"s":{},"f":{},"b":{},"_coverageSchema":"1a1c01bbd47fc00a2c39e90264f33305004495a9","hash":"e26456d5e64b49759b74145b823d34b2fe9773d1"}
,"C:\\Users\\rutujabp\\Cariparma\\QsrApp\\src\\utils\\images.ts": {"path":"C:\\Users\\rutujabp\\Cariparma\\QsrApp\\src\\utils\\images.ts","statementMap":{"0":{"start":{"line":1,"column":15},"end":{"line":1,"column":27}},"1":{"start":{"line":3,"column":22},"end":{"line":9,"column":1}},"2":{"start":{"line":10,"column":30},"end":{"line":14,"column":1}},"3":{"start":{"line":16,"column":20},"end":{"line":20,"column":1}},"4":{"start":{"line":22,"column":24},"end":{"line":27,"column":1}},"5":{"start":{"line":29,"column":32},"end":{"line":58,"column":3}},"6":{"start":{"line":60,"column":38},"end":{"line":103,"column":3}}},"fnMap":{},"branchMap":{},"s":{"0":6,"1":6,"2":6,"3":6,"4":6,"5":6,"6":6},"f":{},"b":{},"_coverageSchema":"1a1c01bbd47fc00a2c39e90264f33305004495a9","hash":"0d215b4a59ad1bf8ce9692839d8a67f6066dec54"}
,"C:\\Users\\rutujabp\\Cariparma\\QsrApp\\src\\utils\\productDetails.ts": {"path":"C:\\Users\\rutujabp\\Cariparma\\QsrApp\\src\\utils\\productDetails.ts","statementMap":{"0":{"start":{"line":1,"column":15},"end":{"line":1,"column":27}},"1":{"start":{"line":3,"column":23},"end":{"line":157,"column":3}}},"fnMap":{},"branchMap":{},"s":{"0":1,"1":1},"f":{},"b":{},"_coverageSchema":"1a1c01bbd47fc00a2c39e90264f33305004495a9","hash":"df61f44a649e92e361da1fb9e93bf6b415f5bddc"}
,"C:\\Users\\rutujabp\\Cariparma\\QsrApp\\src\\utils\\themes.ts": {"path":"C:\\Users\\rutujabp\\Cariparma\\QsrApp\\src\\utils\\themes.ts","statementMap":{"0":{"start":{"line":1,"column":14},"end":{"line":22,"column":1}}},"fnMap":{},"branchMap":{},"s":{"0":15},"f":{},"b":{},"_coverageSchema":"1a1c01bbd47fc00a2c39e90264f33305004495a9","hash":"0a3c8a6fa1a671c3c411f7f0681f5134a7403d51"}
,"C:\\Users\\rutujabp\\Cariparma\\QsrApp\\src\\utils\\validations.ts": {"path":"C:\\Users\\rutujabp\\Cariparma\\QsrApp\\src\\utils\\validations.ts","statementMap":{"0":{"start":{"line":3,"column":32},"end":{"line":51,"column":1}},"1":{"start":{"line":4,"column":17},"end":{"line":31,"column":4}},"2":{"start":{"line":26,"column":25},"end":{"line":26,"column":70}},"3":{"start":{"line":33,"column":43},"end":{"line":41,"column":3}},"4":{"start":{"line":34,"column":4},"end":{"line":40,"column":7}},"5":{"start":{"line":43,"column":42},"end":{"line":45,"column":3}},"6":{"start":{"line":44,"column":4},"end":{"line":44,"column":34}},"7":{"start":{"line":47,"column":2},"end":{"line":50,"column":4}}},"fnMap":{"0":{"name":"(anonymous_0)","decl":{"start":{"line":3,"column":32},"end":{"line":3,"column":33}},"loc":{"start":{"line":3,"column":38},"end":{"line":51,"column":1}},"line":3},"1":{"name":"(anonymous_1)","decl":{"start":{"line":26,"column":14},"end":{"line":26,"column":15}},"loc":{"start":{"line":26,"column":25},"end":{"line":26,"column":70}},"line":26},"2":{"name":"(anonymous_2)","decl":{"start":{"line":33,"column":43},"end":{"line":33,"column":44}},"loc":{"start":{"line":33,"column":49},"end":{"line":41,"column":3}},"line":33},"3":{"name":"(anonymous_3)","decl":{"start":{"line":43,"column":42},"end":{"line":43,"column":43}},"loc":{"start":{"line":43,"column":48},"end":{"line":45,"column":3}},"line":43}},"branchMap":{},"s":{"0":2,"1":4,"2":0,"3":4,"4":2,"5":4,"6":2,"7":4},"f":{"0":4,"1":0,"2":2,"3":2},"b":{},"_coverageSchema":"1a1c01bbd47fc00a2c39e90264f33305004495a9","hash":"c339aef4ec1bb482b62fed527ca7dab0bb46bbf4"}
}
