TN:
SF:App.tsx
FN:9,(anonymous_0)
FNF:1
FNH:1
FNDA:2,(anonymous_0)
DA:9,1
DA:10,2
LF:2
LH:2
BRF:0
BRH:0
end_of_record
TN:
SF:src\components\CustomButton\CustomButton.tsx
FN:22,(anonymous_0)
FNF:1
FNH:1
FNDA:42,(anonymous_0)
DA:22,7
DA:29,42
LF:2
LH:2
BRDA:31,0,0,42
BRDA:31,0,1,0
BRDA:41,1,0,42
BRDA:41,1,1,0
BRF:4
BRH:2
end_of_record
TN:
SF:src\components\CustomButton\styles.ts
FNF:0
FNH:0
DA:6,7
LF:1
LH:1
BRF:0
BRH:0
end_of_record
TN:
SF:src\components\CustomCartElement\CustomCartElement.tsx
FN:20,(anonymous_0)
FN:29,(anonymous_1)
FN:37,(anonymous_2)
FN:48,(anonymous_3)
FNF:4
FNH:3
FNDA:9,(anonymous_0)
FNDA:1,(anonymous_1)
FNDA:0,(anonymous_2)
FNDA:1,(anonymous_3)
DA:20,3
DA:28,9
DA:29,9
DA:30,1
DA:33,1
DA:37,9
DA:38,0
DA:41,0
DA:42,0
DA:44,0
DA:48,9
DA:49,1
DA:52,1
DA:54,9
LF:14
LH:10
BRDA:41,0,0,0
BRDA:41,0,1,0
BRDA:55,1,0,9
BRDA:55,1,1,0
BRF:4
BRH:1
end_of_record
TN:
SF:src\components\CustomCartElement\styles.ts
FNF:0
FNH:0
DA:6,3
LF:1
LH:1
BRF:0
BRH:0
end_of_record
TN:
SF:src\components\CustomCategory\CustomCategory.tsx
FN:12,(anonymous_0)
FNF:1
FNH:1
FNDA:10,(anonymous_0)
DA:12,3
DA:18,10
LF:2
LH:2
BRDA:19,0,0,10
BRDA:19,0,1,0
BRF:2
BRH:1
end_of_record
TN:
SF:src\components\CustomCategory\styles.ts
FNF:0
FNH:0
DA:6,3
LF:1
LH:1
BRF:0
BRH:0
end_of_record
TN:
SF:src\components\CustomCategoryElements\CustomCategoryElements.tsx
FN:16,(anonymous_0)
FNF:1
FNH:1
FNDA:7,(anonymous_0)
DA:16,3
DA:25,7
LF:2
LH:2
BRDA:26,0,0,7
BRDA:26,0,1,0
BRF:2
BRH:1
end_of_record
TN:
SF:src\components\CustomCategoryElements\styles.ts
FNF:0
FNH:0
DA:5,3
LF:1
LH:1
BRF:0
BRH:0
end_of_record
TN:
SF:src\components\CustomIconButton\CustomIconButton.tsx
FN:19,(anonymous_0)
FNF:1
FNH:1
FNDA:26,(anonymous_0)
DA:19,5
DA:30,26
LF:2
LH:2
BRDA:32,0,0,26
BRDA:32,0,1,0
BRDA:38,1,0,0
BRDA:38,1,1,26
BRDA:41,2,0,0
BRDA:41,2,1,26
BRDA:42,3,0,0
BRDA:42,3,1,26
BRDA:58,4,0,0
BRDA:58,4,1,26
BRF:10
BRH:5
end_of_record
TN:
SF:src\components\CustomIconButton\styles.ts
FNF:0
FNH:0
DA:5,5
LF:1
LH:1
BRF:0
BRH:0
end_of_record
TN:
SF:src\components\CustomProductOffers\CustomProductsOffers.tsx
FN:14,(anonymous_0)
FNF:1
FNH:1
FNDA:23,(anonymous_0)
DA:14,4
DA:21,23
LF:2
LH:2
BRDA:22,0,0,23
BRDA:22,0,1,0
BRF:2
BRH:1
end_of_record
TN:
SF:src\components\CustomProductOffers\styles.ts
FNF:0
FNH:0
DA:6,4
LF:1
LH:1
BRF:0
BRH:0
end_of_record
TN:
SF:src\components\CustomTextInput\CustomTextInput.tsx
FN:23,(anonymous_0)
FN:29,(anonymous_1)
FN:46,(anonymous_2)
FNF:3
FNH:2
FNDA:126,(anonymous_0)
FNDA:0,(anonymous_1)
FNDA:1,(anonymous_2)
DA:23,4
DA:24,126
DA:25,126
DA:29,126
DA:30,0
DA:33,126
DA:46,1
LF:7
LH:6
BRDA:24,0,0,21
BRDA:24,0,1,105
BRDA:34,1,0,126
BRDA:34,1,1,0
BRDA:35,2,0,124
BRDA:35,2,1,2
BRDA:50,3,0,51
BRDA:50,3,1,75
BRDA:55,4,0,0
BRDA:55,4,1,51
BRDA:64,5,0,25
BRDA:64,5,1,101
BRF:12
BRH:10
end_of_record
TN:
SF:src\components\CustomTextInput\styles.ts
FNF:0
FNH:0
DA:5,4
LF:1
LH:1
BRF:0
BRH:0
end_of_record
TN:
SF:src\navigations\AppNavigation.tsx
FN:13,AppNavigation
FNF:1
FNH:0
FNDA:0,AppNavigation
DA:11,1
DA:14,0
DA:15,0
LF:3
LH:1
BRF:0
BRH:0
end_of_record
TN:
SF:src\navigations\AuthNavigation.tsx
FN:13,(anonymous_0)
FNF:1
FNH:1
FNDA:2,(anonymous_0)
DA:11,1
DA:13,1
DA:14,2
LF:3
LH:3
BRF:0
BRH:0
end_of_record
TN:
SF:src\navigations\rootNavigation.tsx
FN:9,(anonymous_0)
FN:11,(anonymous_1)
FNF:2
FNH:2
FNDA:2,(anonymous_0)
FNDA:2,(anonymous_1)
DA:9,1
DA:10,2
DA:11,2
DA:12,1
DA:14,1
LF:5
LH:5
BRDA:16,0,0,0
BRDA:16,0,1,1
BRF:2
BRH:1
end_of_record
TN:
SF:src\redux\action.ts
FN:21,(anonymous_0)
FN:26,(anonymous_1)
FN:31,(anonymous_2)
FN:36,(anonymous_3)
FN:41,(anonymous_4)
FN:46,(anonymous_5)
FN:51,(anonymous_6)
FN:55,(anonymous_7)
FN:60,(anonymous_8)
FN:65,(anonymous_9)
FN:70,(anonymous_10)
FN:75,(anonymous_11)
FN:80,(anonymous_12)
FN:85,(anonymous_13)
FN:90,(anonymous_14)
FN:95,(anonymous_15)
FN:100,(anonymous_16)
FN:105,(anonymous_17)
FNF:18
FNH:2
FNDA:0,(anonymous_0)
FNDA:0,(anonymous_1)
FNDA:0,(anonymous_2)
FNDA:0,(anonymous_3)
FNDA:0,(anonymous_4)
FNDA:0,(anonymous_5)
FNDA:0,(anonymous_6)
FNDA:0,(anonymous_7)
FNDA:0,(anonymous_8)
FNDA:2,(anonymous_9)
FNDA:0,(anonymous_10)
FNDA:0,(anonymous_11)
FNDA:0,(anonymous_12)
FNDA:0,(anonymous_13)
FNDA:0,(anonymous_14)
FNDA:2,(anonymous_15)
FNDA:0,(anonymous_16)
FNDA:0,(anonymous_17)
DA:1,10
DA:2,10
DA:3,10
DA:4,10
DA:5,10
DA:6,10
DA:7,10
DA:8,10
DA:9,10
DA:10,10
DA:11,10
DA:12,10
DA:13,10
DA:14,10
DA:15,10
DA:16,10
DA:17,10
DA:18,10
DA:21,10
DA:26,10
DA:31,10
DA:36,10
DA:41,10
DA:46,10
DA:51,10
DA:55,10
DA:60,10
DA:65,10
DA:70,10
DA:75,10
DA:80,10
DA:85,10
DA:90,10
DA:95,10
DA:100,10
DA:105,10
LF:36
LH:36
BRF:0
BRH:0
end_of_record
TN:
SF:src\redux\reducer.ts
FN:33,(anonymous_0)
FN:98,(anonymous_1)
FN:136,(anonymous_2)
FN:166,(anonymous_3)
FNF:4
FNH:1
FNDA:15,(anonymous_0)
FNDA:0,(anonymous_1)
FNDA:0,(anonymous_2)
FNDA:0,(anonymous_3)
DA:24,3
DA:33,3
DA:34,15
DA:36,0
DA:41,0
DA:47,0
DA:53,0
DA:59,0
DA:66,0
DA:73,0
DA:78,0
DA:85,0
DA:92,0
DA:97,0
DA:98,0
DA:99,0
DA:103,0
DA:106,0
DA:107,0
DA:116,0
DA:118,0
DA:124,0
DA:130,0
DA:135,0
DA:136,0
DA:137,0
DA:140,0
DA:143,0
DA:145,0
DA:148,0
DA:154,0
DA:160,0
DA:165,0
DA:167,0
DA:169,0
DA:174,0
DA:181,15
DA:185,3
LF:38
LH:5
BRDA:33,0,0,9
BRDA:34,1,0,0
BRDA:34,1,1,0
BRDA:34,1,2,0
BRDA:34,1,3,0
BRDA:34,1,4,0
BRDA:34,1,5,0
BRDA:34,1,6,0
BRDA:34,1,7,0
BRDA:34,1,8,0
BRDA:34,1,9,0
BRDA:34,1,10,0
BRDA:34,1,11,0
BRDA:34,1,12,0
BRDA:34,1,13,0
BRDA:34,1,14,0
BRDA:34,1,15,0
BRDA:34,1,16,0
BRDA:34,1,17,0
BRDA:34,1,18,15
BRDA:99,2,0,0
BRDA:99,2,1,0
BRDA:106,3,0,0
BRDA:106,3,1,0
BRDA:137,4,0,0
BRDA:137,4,1,0
BRDA:143,5,0,0
BRDA:143,5,1,0
BRF:28
BRH:2
end_of_record
TN:
SF:src\redux\rootSaga.ts
FN:4,rootSaga
FNF:1
FNH:1
FNDA:3,rootSaga
DA:5,3
LF:1
LH:1
BRF:0
BRH:0
end_of_record
TN:
SF:src\redux\saga.ts
FN:23,signupfn
FN:31,loginfn
FN:39,logoutfn
FN:47,addToCartfn
FN:55,removeFromCartfn
FN:63,deleteCartItemfn
FN:73,mainSaga
FNF:7
FNH:1
FNDA:0,signupfn
FNDA:0,loginfn
FNDA:0,logoutfn
FNDA:0,addToCartfn
FNDA:0,removeFromCartfn
FNDA:0,deleteCartItemfn
FNDA:3,mainSaga
DA:24,0
DA:25,0
DA:27,0
DA:32,0
DA:33,0
DA:35,0
DA:40,0
DA:41,0
DA:43,0
DA:48,0
DA:49,0
DA:51,0
DA:56,0
DA:57,0
DA:59,0
DA:64,0
DA:65,0
DA:67,0
DA:74,3
DA:75,3
DA:76,3
DA:77,3
DA:78,3
DA:79,3
LF:24
LH:6
BRF:0
BRH:0
end_of_record
TN:
SF:src\redux\store.ts
FNF:0
FNH:0
DA:7,3
DA:8,3
DA:13,3
DA:14,3
DA:15,3
DA:16,3
LF:6
LH:6
BRF:0
BRH:0
end_of_record
TN:
SF:src\screens\CartScreen\CartScreen.tsx
FN:13,(anonymous_0)
FN:14,(anonymous_1)
FN:19,(anonymous_2)
FN:21,(anonymous_3)
FN:30,(anonymous_4)
FN:34,(anonymous_5)
FN:48,(anonymous_6)
FN:92,(anonymous_7)
FNF:8
FNH:7
FNDA:7,(anonymous_0)
FNDA:9,(anonymous_1)
FNDA:3,(anonymous_2)
FNDA:6,(anonymous_3)
FNDA:3,(anonymous_4)
FNDA:6,(anonymous_5)
FNDA:6,(anonymous_6)
FNDA:0,(anonymous_7)
DA:13,2
DA:14,9
DA:15,6
DA:16,6
DA:17,6
DA:19,6
DA:20,3
DA:21,3
DA:22,6
DA:23,6
DA:25,3
DA:26,0
DA:30,6
DA:31,3
DA:32,3
DA:34,3
DA:35,6
DA:36,6
DA:38,3
DA:39,3
DA:42,6
DA:49,6
LF:22
LH:21
BRDA:25,0,0,0
BRDA:25,0,1,3
BRDA:42,1,0,3
BRDA:42,1,1,3
BRF:4
BRH:3
end_of_record
TN:
SF:src\screens\CartScreen\styles.ts
FNF:0
FNH:0
DA:6,2
LF:1
LH:1
BRF:0
BRH:0
end_of_record
TN:
SF:src\screens\CategoryScreen\CategoryScreen.tsx
FN:9,(anonymous_0)
FN:13,(anonymous_1)
FN:14,(anonymous_2)
FN:24,(anonymous_3)
FN:32,(anonymous_4)
FN:35,(anonymous_5)
FNF:6
FNH:3
FNDA:3,(anonymous_0)
FNDA:4,(anonymous_1)
FNDA:0,(anonymous_2)
FNDA:4,(anonymous_3)
FNDA:0,(anonymous_4)
FNDA:0,(anonymous_5)
DA:9,2
DA:10,3
DA:12,2
DA:13,4
DA:14,2
DA:15,0
DA:16,0
DA:19,2
DA:25,4
DA:33,0
DA:36,0
LF:11
LH:7
BRF:0
BRH:0
end_of_record
TN:
SF:src\screens\CategoryScreen\styles.ts
FNF:0
FNH:0
DA:7,2
LF:1
LH:1
BRF:0
BRH:0
end_of_record
TN:
SF:src\screens\HomeScreen\HomeScreen.tsx
FN:18,(anonymous_0)
FN:28,(anonymous_1)
FN:33,(anonymous_2)
FN:34,(anonymous_3)
FN:40,(anonymous_4)
FN:44,(anonymous_5)
FN:48,(anonymous_6)
FN:53,(anonymous_7)
FN:72,(anonymous_8)
FN:73,(anonymous_9)
FN:74,(anonymous_10)
FN:79,(anonymous_11)
FN:101,(anonymous_12)
FN:119,(anonymous_13)
FN:120,(anonymous_14)
FN:139,(anonymous_15)
FN:144,(anonymous_16)
FN:155,(anonymous_17)
FN:160,(anonymous_18)
FN:167,(anonymous_19)
FNF:20
FNH:7
FNDA:3,(anonymous_0)
FNDA:0,(anonymous_1)
FNDA:0,(anonymous_2)
FNDA:0,(anonymous_3)
FNDA:0,(anonymous_4)
FNDA:0,(anonymous_5)
FNDA:1,(anonymous_6)
FNDA:0,(anonymous_7)
FNDA:0,(anonymous_8)
FNDA:1,(anonymous_9)
FNDA:0,(anonymous_10)
FNDA:4,(anonymous_11)
FNDA:0,(anonymous_12)
FNDA:0,(anonymous_13)
FNDA:6,(anonymous_14)
FNDA:8,(anonymous_15)
FNDA:0,(anonymous_16)
FNDA:0,(anonymous_17)
FNDA:8,(anonymous_18)
FNDA:0,(anonymous_19)
DA:18,2
DA:19,3
DA:20,2
DA:21,2
DA:22,2
DA:23,2
DA:24,2
DA:25,2
DA:28,2
DA:29,0
DA:33,2
DA:34,0
DA:35,0
DA:37,0
DA:40,2
DA:41,0
DA:44,2
DA:45,0
DA:46,0
DA:48,2
DA:49,1
DA:50,1
DA:53,2
DA:54,0
DA:58,2
DA:72,0
DA:73,1
DA:76,0
DA:77,0
DA:80,4
DA:102,0
DA:103,0
DA:121,6
DA:140,8
DA:145,0
DA:155,0
DA:161,8
DA:167,0
LF:38
LH:22
BRDA:59,0,0,0
BRDA:59,0,1,2
BRF:2
BRH:1
end_of_record
TN:
SF:src\screens\HomeScreen\styles.ts
FNF:0
FNH:0
DA:6,2
LF:1
LH:1
BRF:0
BRH:0
end_of_record
TN:
SF:src\screens\LoginScreen\LoginScreen.tsx
FN:26,(anonymous_0)
FN:29,(anonymous_1)
FN:36,(anonymous_2)
FN:37,(anonymous_3)
FN:38,(anonymous_4)
FN:88,(anonymous_5)
FN:102,(anonymous_6)
FN:112,(anonymous_7)
FN:142,(anonymous_8)
FNF:9
FNH:6
FNDA:4,(anonymous_0)
FNDA:6,(anonymous_1)
FNDA:1,(anonymous_2)
FNDA:1,(anonymous_3)
FNDA:1,(anonymous_4)
FNDA:9,(anonymous_5)
FNDA:0,(anonymous_6)
FNDA:0,(anonymous_7)
FNDA:0,(anonymous_8)
DA:26,2
DA:27,4
DA:28,3
DA:29,6
DA:30,3
DA:34,3
DA:36,3
DA:37,1
DA:38,1
DA:39,1
DA:40,0
DA:44,1
DA:45,1
DA:49,0
DA:50,0
DA:51,0
DA:53,0
DA:57,3
DA:96,9
DA:102,0
DA:112,0
DA:143,0
LF:22
LH:14
BRDA:39,0,0,0
BRDA:39,0,1,1
BRDA:44,1,0,1
BRDA:44,1,1,0
BRDA:44,2,0,1
BRDA:44,2,1,1
BRDA:49,3,0,0
BRDA:49,3,1,0
BRDA:49,4,0,0
BRDA:49,4,1,0
BRDA:103,5,0,0
BRDA:103,5,1,9
BRDA:103,6,0,9
BRDA:103,6,1,4
BRDA:114,7,0,0
BRDA:114,7,1,9
BRDA:114,8,0,9
BRDA:114,8,1,4
BRF:18
BRH:10
end_of_record
TN:
SF:src\screens\LoginScreen\styles.ts
FNF:0
FNH:0
DA:5,2
LF:1
LH:1
BRF:0
BRH:0
end_of_record
TN:
SF:src\screens\OnboardingScreen\OnboardingScreen.tsx
FN:11,(anonymous_0)
FN:29,(anonymous_1)
FNF:2
FNH:1
FNDA:5,(anonymous_0)
FNDA:0,(anonymous_1)
DA:11,2
DA:12,5
DA:13,3
DA:29,0
LF:4
LH:3
BRF:0
BRH:0
end_of_record
TN:
SF:src\screens\OnboardingScreen\styles.ts
FNF:0
FNH:0
DA:6,2
LF:1
LH:1
BRF:0
BRH:0
end_of_record
TN:
SF:src\screens\ProductDetailsScreen\ProductDetailsScreen.tsx
FN:16,(anonymous_0)
FN:21,(anonymous_1)
FN:42,(anonymous_2)
FN:68,(anonymous_3)
FNF:4
FNH:1
FNDA:3,(anonymous_0)
FNDA:0,(anonymous_1)
FNDA:0,(anonymous_2)
FNDA:0,(anonymous_3)
DA:16,2
DA:17,3
DA:18,2
DA:19,2
DA:21,2
DA:22,0
DA:23,0
DA:26,2
DA:42,0
DA:68,0
LF:10
LH:6
BRF:0
BRH:0
end_of_record
TN:
SF:src\screens\ProductDetailsScreen\styles.ts
FNF:0
FNH:0
DA:6,2
LF:1
LH:1
BRF:0
BRH:0
end_of_record
TN:
SF:src\screens\SignupScreen\SignupScreen.tsx
FN:25,(anonymous_0)
FN:27,(anonymous_1)
FN:39,(anonymous_2)
FN:40,(anonymous_3)
FN:51,(anonymous_4)
FN:102,(anonymous_5)
FN:117,(anonymous_6)
FN:127,(anonymous_7)
FN:137,(anonymous_8)
FN:151,(anonymous_9)
FN:165,(anonymous_10)
FN:197,(anonymous_11)
FNF:12
FNH:3
FNDA:4,(anonymous_0)
FNDA:6,(anonymous_1)
FNDA:0,(anonymous_2)
FNDA:0,(anonymous_3)
FNDA:0,(anonymous_4)
FNDA:21,(anonymous_5)
FNDA:0,(anonymous_6)
FNDA:0,(anonymous_7)
FNDA:0,(anonymous_8)
FNDA:0,(anonymous_9)
FNDA:0,(anonymous_10)
FNDA:0,(anonymous_11)
DA:25,2
DA:26,4
DA:27,6
DA:28,3
DA:30,3
DA:37,3
DA:39,3
DA:40,0
DA:41,0
DA:42,0
DA:52,0
DA:58,0
DA:65,0
DA:66,0
DA:70,3
DA:111,21
DA:117,0
DA:127,0
DA:137,0
DA:151,0
DA:165,0
DA:198,0
LF:22
LH:9
BRDA:41,0,0,0
BRDA:41,0,1,0
BRDA:118,1,0,0
BRDA:118,1,1,21
BRDA:118,2,0,21
BRDA:118,2,1,13
BRDA:128,3,0,2
BRDA:128,3,1,19
BRDA:128,4,0,21
BRDA:128,4,1,13
BRDA:141,5,0,4
BRDA:141,5,1,17
BRDA:141,6,0,21
BRDA:141,6,1,13
BRDA:153,7,0,11
BRDA:153,7,1,10
BRDA:153,8,0,21
BRDA:153,8,1,13
BRDA:167,9,0,8
BRDA:167,9,1,13
BRDA:167,10,0,21
BRDA:167,10,1,13
BRF:22
BRH:19
end_of_record
TN:
SF:src\screens\SignupScreen\styles.ts
FNF:0
FNH:0
DA:5,2
LF:1
LH:1
BRF:0
BRH:0
end_of_record
TN:
SF:src\screens\SpecialOffersScreen\SpecialOffersScreen.tsx
FN:13,(anonymous_0)
FN:19,(anonymous_1)
FN:23,(anonymous_2)
FN:28,(anonymous_3)
FN:29,(anonymous_4)
FN:43,(anonymous_5)
FN:53,(anonymous_6)
FN:60,(anonymous_7)
FNF:8
FNH:2
FNDA:3,(anonymous_0)
FNDA:0,(anonymous_1)
FNDA:0,(anonymous_2)
FNDA:0,(anonymous_3)
FNDA:0,(anonymous_4)
FNDA:0,(anonymous_5)
FNDA:12,(anonymous_6)
FNDA:0,(anonymous_7)
DA:13,2
DA:14,3
DA:15,2
DA:16,2
DA:17,2
DA:19,2
DA:20,0
DA:23,2
DA:24,0
DA:28,2
DA:29,0
DA:30,0
DA:32,0
DA:35,2
DA:44,0
DA:45,0
DA:54,12
DA:60,0
LF:18
LH:10
BRF:0
BRH:0
end_of_record
TN:
SF:src\screens\SpecialOffersScreen\styles.ts
FNF:0
FNH:0
DA:6,2
LF:1
LH:1
BRF:0
BRH:0
end_of_record
TN:
SF:src\utils\baselocalization.ts
FNF:0
FNH:0
LF:0
LH:0
BRF:0
BRH:0
end_of_record
TN:
SF:src\utils\images.ts
FNF:0
FNH:0
DA:1,7
DA:3,7
DA:10,7
DA:16,7
DA:22,7
DA:29,7
DA:60,7
LF:7
LH:7
BRF:0
BRH:0
end_of_record
TN:
SF:src\utils\productDetails.ts
FNF:0
FNH:0
DA:1,2
DA:3,2
LF:2
LH:2
BRF:0
BRH:0
end_of_record
TN:
SF:src\utils\themes.ts
FNF:0
FNH:0
DA:1,16
LF:1
LH:1
BRF:0
BRH:0
end_of_record
TN:
SF:src\utils\validations.ts
FN:3,(anonymous_0)
FN:26,(anonymous_1)
FN:33,(anonymous_2)
FN:43,(anonymous_3)
FNF:4
FNH:3
FNDA:6,(anonymous_0)
FNDA:0,(anonymous_1)
FNDA:3,(anonymous_2)
FNDA:3,(anonymous_3)
DA:3,3
DA:4,6
DA:26,0
DA:33,6
DA:34,3
DA:43,6
DA:44,3
DA:47,6
LF:8
LH:7
BRF:0
BRH:0
end_of_record
