TN:
SF:src\components\CustomButton\CustomButton.tsx
FN:22,(anonymous_0)
FNF:1
FNH:1
FNDA:36,(anonymous_0)
DA:22,6
DA:29,36
LF:2
LH:2
BRDA:31,0,0,36
BRDA:31,0,1,0
BRDA:41,1,0,36
BRDA:41,1,1,0
BRF:4
BRH:2
end_of_record
TN:
SF:src\components\CustomButton\styles.ts
FNF:0
FNH:0
DA:6,6
LF:1
LH:1
BRF:0
BRH:0
end_of_record
TN:
SF:src\components\CustomCartElement\CustomCartElement.tsx
FN:20,(anonymous_0)
FN:29,(anonymous_1)
FN:37,(anonymous_2)
FN:48,(anonymous_3)
FNF:4
FNH:3
FNDA:7,(anonymous_0)
FNDA:1,(anonymous_1)
FNDA:0,(anonymous_2)
FNDA:1,(anonymous_3)
DA:20,2
DA:28,7
DA:29,7
DA:30,1
DA:33,1
DA:37,7
DA:38,0
DA:41,0
DA:42,0
DA:44,0
DA:48,7
DA:49,1
DA:52,1
DA:54,7
LF:14
LH:10
BRDA:41,0,0,0
BRDA:41,0,1,0
BRDA:55,1,0,7
BRDA:55,1,1,0
BRF:4
BRH:1
end_of_record
TN:
SF:src\components\CustomCartElement\styles.ts
FNF:0
FNH:0
DA:6,2
LF:1
LH:1
BRF:0
BRH:0
end_of_record
TN:
SF:src\components\CustomCategory\CustomCategory.tsx
FN:12,(anonymous_0)
FNF:1
FNH:1
FNDA:6,(anonymous_0)
DA:12,2
DA:18,6
LF:2
LH:2
BRDA:19,0,0,6
BRDA:19,0,1,0
BRF:2
BRH:1
end_of_record
TN:
SF:src\components\CustomCategory\styles.ts
FNF:0
FNH:0
DA:6,2
LF:1
LH:1
BRF:0
BRH:0
end_of_record
TN:
SF:src\components\CustomCategoryElements\CustomCategoryElements.tsx
FN:16,(anonymous_0)
FNF:1
FNH:1
FNDA:7,(anonymous_0)
DA:16,2
DA:25,7
LF:2
LH:2
BRDA:26,0,0,7
BRDA:26,0,1,0
BRF:2
BRH:1
end_of_record
TN:
SF:src\components\CustomCategoryElements\styles.ts
FNF:0
FNH:0
DA:5,2
LF:1
LH:1
BRF:0
BRH:0
end_of_record
TN:
SF:src\components\CustomIconButton\CustomIconButton.tsx
FN:19,(anonymous_0)
FNF:1
FNH:1
FNDA:16,(anonymous_0)
DA:19,4
DA:30,16
LF:2
LH:2
BRDA:32,0,0,16
BRDA:32,0,1,0
BRDA:38,1,0,0
BRDA:38,1,1,16
BRDA:41,2,0,0
BRDA:41,2,1,16
BRDA:42,3,0,0
BRDA:42,3,1,16
BRDA:58,4,0,0
BRDA:58,4,1,16
BRF:10
BRH:5
end_of_record
TN:
SF:src\components\CustomIconButton\styles.ts
FNF:0
FNH:0
DA:5,4
LF:1
LH:1
BRF:0
BRH:0
end_of_record
TN:
SF:src\components\CustomProductOffers\CustomProductsOffers.tsx
FN:14,(anonymous_0)
FNF:1
FNH:1
FNDA:13,(anonymous_0)
DA:14,3
DA:21,13
LF:2
LH:2
BRDA:22,0,0,13
BRDA:22,0,1,0
BRF:2
BRH:1
end_of_record
TN:
SF:src\components\CustomProductOffers\styles.ts
FNF:0
FNH:0
DA:6,3
LF:1
LH:1
BRF:0
BRH:0
end_of_record
TN:
SF:src\components\CustomTextInput\CustomTextInput.tsx
FN:23,(anonymous_0)
FN:29,(anonymous_1)
FN:46,(anonymous_2)
FNF:3
FNH:2
FNDA:119,(anonymous_0)
FNDA:0,(anonymous_1)
FNDA:1,(anonymous_2)
DA:23,3
DA:24,119
DA:25,119
DA:29,119
DA:30,0
DA:33,119
DA:46,1
LF:7
LH:6
BRDA:24,0,0,20
BRDA:24,0,1,99
BRDA:34,1,0,119
BRDA:34,1,1,0
BRDA:35,2,0,117
BRDA:35,2,1,2
BRDA:50,3,0,48
BRDA:50,3,1,71
BRDA:55,4,0,0
BRDA:55,4,1,48
BRDA:64,5,0,25
BRDA:64,5,1,94
BRF:12
BRH:10
end_of_record
TN:
SF:src\components\CustomTextInput\styles.ts
FNF:0
FNH:0
DA:5,3
LF:1
LH:1
BRF:0
BRH:0
end_of_record
TN:
SF:src\redux\action.ts
FN:21,(anonymous_0)
FN:26,(anonymous_1)
FN:31,(anonymous_2)
FN:36,(anonymous_3)
FN:41,(anonymous_4)
FN:46,(anonymous_5)
FN:51,(anonymous_6)
FN:55,(anonymous_7)
FN:60,(anonymous_8)
FN:65,(anonymous_9)
FN:70,(anonymous_10)
FN:75,(anonymous_11)
FN:80,(anonymous_12)
FN:85,(anonymous_13)
FN:90,(anonymous_14)
FN:95,(anonymous_15)
FN:100,(anonymous_16)
FN:105,(anonymous_17)
FNF:18
FNH:2
FNDA:0,(anonymous_0)
FNDA:0,(anonymous_1)
FNDA:0,(anonymous_2)
FNDA:0,(anonymous_3)
FNDA:0,(anonymous_4)
FNDA:0,(anonymous_5)
FNDA:0,(anonymous_6)
FNDA:0,(anonymous_7)
FNDA:0,(anonymous_8)
FNDA:2,(anonymous_9)
FNDA:0,(anonymous_10)
FNDA:0,(anonymous_11)
FNDA:0,(anonymous_12)
FNDA:0,(anonymous_13)
FNDA:0,(anonymous_14)
FNDA:2,(anonymous_15)
FNDA:0,(anonymous_16)
FNDA:0,(anonymous_17)
DA:1,9
DA:2,9
DA:3,9
DA:4,9
DA:5,9
DA:6,9
DA:7,9
DA:8,9
DA:9,9
DA:10,9
DA:11,9
DA:12,9
DA:13,9
DA:14,9
DA:15,9
DA:16,9
DA:17,9
DA:18,9
DA:21,9
DA:26,9
DA:31,9
DA:36,9
DA:41,9
DA:46,9
DA:51,9
DA:55,9
DA:60,9
DA:65,9
DA:70,9
DA:75,9
DA:80,9
DA:85,9
DA:90,9
DA:95,9
DA:100,9
DA:105,9
LF:36
LH:36
BRF:0
BRH:0
end_of_record
TN:
SF:src\redux\reducer.ts
FN:33,(anonymous_0)
FN:98,(anonymous_1)
FN:136,(anonymous_2)
FN:166,(anonymous_3)
FNF:4
FNH:1
FNDA:10,(anonymous_0)
FNDA:0,(anonymous_1)
FNDA:0,(anonymous_2)
FNDA:0,(anonymous_3)
DA:24,2
DA:33,2
DA:34,10
DA:36,0
DA:41,0
DA:47,0
DA:53,0
DA:59,0
DA:66,0
DA:73,0
DA:78,0
DA:85,0
DA:92,0
DA:97,0
DA:98,0
DA:99,0
DA:103,0
DA:106,0
DA:107,0
DA:116,0
DA:118,0
DA:124,0
DA:130,0
DA:135,0
DA:136,0
DA:137,0
DA:140,0
DA:143,0
DA:145,0
DA:148,0
DA:154,0
DA:160,0
DA:165,0
DA:167,0
DA:169,0
DA:174,0
DA:181,10
DA:185,2
LF:38
LH:5
BRDA:33,0,0,6
BRDA:34,1,0,0
BRDA:34,1,1,0
BRDA:34,1,2,0
BRDA:34,1,3,0
BRDA:34,1,4,0
BRDA:34,1,5,0
BRDA:34,1,6,0
BRDA:34,1,7,0
BRDA:34,1,8,0
BRDA:34,1,9,0
BRDA:34,1,10,0
BRDA:34,1,11,0
BRDA:34,1,12,0
BRDA:34,1,13,0
BRDA:34,1,14,0
BRDA:34,1,15,0
BRDA:34,1,16,0
BRDA:34,1,17,0
BRDA:34,1,18,10
BRDA:99,2,0,0
BRDA:99,2,1,0
BRDA:106,3,0,0
BRDA:106,3,1,0
BRDA:137,4,0,0
BRDA:137,4,1,0
BRDA:143,5,0,0
BRDA:143,5,1,0
BRF:28
BRH:2
end_of_record
TN:
SF:src\redux\rootSaga.ts
FN:4,rootSaga
FNF:1
FNH:1
FNDA:2,rootSaga
DA:5,2
LF:1
LH:1
BRF:0
BRH:0
end_of_record
TN:
SF:src\redux\saga.ts
FN:23,signupfn
FN:31,loginfn
FN:39,logoutfn
FN:47,addToCartfn
FN:55,removeFromCartfn
FN:63,deleteCartItemfn
FN:73,mainSaga
FNF:7
FNH:1
FNDA:0,signupfn
FNDA:0,loginfn
FNDA:0,logoutfn
FNDA:0,addToCartfn
FNDA:0,removeFromCartfn
FNDA:0,deleteCartItemfn
FNDA:2,mainSaga
DA:24,0
DA:25,0
DA:27,0
DA:32,0
DA:33,0
DA:35,0
DA:40,0
DA:41,0
DA:43,0
DA:48,0
DA:49,0
DA:51,0
DA:56,0
DA:57,0
DA:59,0
DA:64,0
DA:65,0
DA:67,0
DA:74,2
DA:75,2
DA:76,2
DA:77,2
DA:78,2
DA:79,2
LF:24
LH:6
BRF:0
BRH:0
end_of_record
TN:
SF:src\redux\store.ts
FNF:0
FNH:0
DA:7,2
DA:8,2
DA:13,2
DA:14,2
DA:15,2
DA:16,2
LF:6
LH:6
BRF:0
BRH:0
end_of_record
TN:
SF:src\screens\CartScreen\CartScreen.tsx
FN:13,(anonymous_0)
FN:14,(anonymous_1)
FN:19,(anonymous_2)
FN:21,(anonymous_3)
FN:30,(anonymous_4)
FN:34,(anonymous_5)
FN:48,(anonymous_6)
FN:92,(anonymous_7)
FNF:8
FNH:7
FNDA:5,(anonymous_0)
FNDA:6,(anonymous_1)
FNDA:2,(anonymous_2)
FNDA:4,(anonymous_3)
FNDA:2,(anonymous_4)
FNDA:4,(anonymous_5)
FNDA:4,(anonymous_6)
FNDA:0,(anonymous_7)
DA:13,1
DA:14,6
DA:15,4
DA:16,4
DA:17,4
DA:19,4
DA:20,2
DA:21,2
DA:22,4
DA:23,4
DA:25,2
DA:26,0
DA:30,4
DA:31,2
DA:32,2
DA:34,2
DA:35,4
DA:36,4
DA:38,2
DA:39,2
DA:42,4
DA:49,4
LF:22
LH:21
BRDA:25,0,0,0
BRDA:25,0,1,2
BRDA:42,1,0,2
BRDA:42,1,1,2
BRF:4
BRH:3
end_of_record
TN:
SF:src\screens\CartScreen\styles.ts
FNF:0
FNH:0
DA:6,1
LF:1
LH:1
BRF:0
BRH:0
end_of_record
TN:
SF:src\screens\CategoryScreen\CategoryScreen.tsx
FN:9,(anonymous_0)
FN:13,(anonymous_1)
FN:14,(anonymous_2)
FN:24,(anonymous_3)
FN:32,(anonymous_4)
FN:35,(anonymous_5)
FNF:6
FNH:3
FNDA:2,(anonymous_0)
FNDA:2,(anonymous_1)
FNDA:0,(anonymous_2)
FNDA:4,(anonymous_3)
FNDA:0,(anonymous_4)
FNDA:0,(anonymous_5)
DA:9,1
DA:10,2
DA:12,1
DA:13,2
DA:14,1
DA:15,0
DA:16,0
DA:19,1
DA:25,4
DA:33,0
DA:36,0
LF:11
LH:7
BRF:0
BRH:0
end_of_record
TN:
SF:src\screens\CategoryScreen\styles.ts
FNF:0
FNH:0
DA:7,1
LF:1
LH:1
BRF:0
BRH:0
end_of_record
TN:
SF:src\screens\HomeScreen\HomeScreen.tsx
FN:18,(anonymous_0)
FN:28,(anonymous_1)
FN:33,(anonymous_2)
FN:34,(anonymous_3)
FN:40,(anonymous_4)
FN:44,(anonymous_5)
FN:48,(anonymous_6)
FN:53,(anonymous_7)
FN:72,(anonymous_8)
FN:73,(anonymous_9)
FN:74,(anonymous_10)
FN:79,(anonymous_11)
FN:101,(anonymous_12)
FN:119,(anonymous_13)
FN:120,(anonymous_14)
FN:139,(anonymous_15)
FN:144,(anonymous_16)
FN:155,(anonymous_17)
FN:160,(anonymous_18)
FN:167,(anonymous_19)
FNF:20
FNH:7
FNDA:2,(anonymous_0)
FNDA:0,(anonymous_1)
FNDA:0,(anonymous_2)
FNDA:0,(anonymous_3)
FNDA:0,(anonymous_4)
FNDA:0,(anonymous_5)
FNDA:1,(anonymous_6)
FNDA:0,(anonymous_7)
FNDA:0,(anonymous_8)
FNDA:1,(anonymous_9)
FNDA:0,(anonymous_10)
FNDA:2,(anonymous_11)
FNDA:0,(anonymous_12)
FNDA:0,(anonymous_13)
FNDA:3,(anonymous_14)
FNDA:4,(anonymous_15)
FNDA:0,(anonymous_16)
FNDA:0,(anonymous_17)
FNDA:4,(anonymous_18)
FNDA:0,(anonymous_19)
DA:18,1
DA:19,2
DA:20,1
DA:21,1
DA:22,1
DA:23,1
DA:24,1
DA:25,1
DA:28,1
DA:29,0
DA:33,1
DA:34,0
DA:35,0
DA:37,0
DA:40,1
DA:41,0
DA:44,1
DA:45,0
DA:46,0
DA:48,1
DA:49,1
DA:50,1
DA:53,1
DA:54,0
DA:58,1
DA:72,0
DA:73,1
DA:76,0
DA:77,0
DA:80,2
DA:102,0
DA:103,0
DA:121,3
DA:140,4
DA:145,0
DA:155,0
DA:161,4
DA:167,0
LF:38
LH:22
BRDA:59,0,0,0
BRDA:59,0,1,1
BRF:2
BRH:1
end_of_record
TN:
SF:src\screens\HomeScreen\styles.ts
FNF:0
FNH:0
DA:6,1
LF:1
LH:1
BRF:0
BRH:0
end_of_record
TN:
SF:src\screens\LoginScreen\LoginScreen.tsx
FN:26,(anonymous_0)
FN:29,(anonymous_1)
FN:36,(anonymous_2)
FN:37,(anonymous_3)
FN:38,(anonymous_4)
FN:88,(anonymous_5)
FN:102,(anonymous_6)
FN:112,(anonymous_7)
FN:142,(anonymous_8)
FNF:9
FNH:6
FNDA:3,(anonymous_0)
FNDA:4,(anonymous_1)
FNDA:1,(anonymous_2)
FNDA:1,(anonymous_3)
FNDA:1,(anonymous_4)
FNDA:8,(anonymous_5)
FNDA:0,(anonymous_6)
FNDA:0,(anonymous_7)
FNDA:0,(anonymous_8)
DA:26,1
DA:27,3
DA:28,2
DA:29,4
DA:30,2
DA:34,2
DA:36,2
DA:37,1
DA:38,1
DA:39,1
DA:40,0
DA:44,1
DA:45,1
DA:49,0
DA:50,0
DA:51,0
DA:53,0
DA:57,2
DA:96,8
DA:102,0
DA:112,0
DA:143,0
LF:22
LH:14
BRDA:39,0,0,0
BRDA:39,0,1,1
BRDA:44,1,0,1
BRDA:44,1,1,0
BRDA:44,2,0,1
BRDA:44,2,1,1
BRDA:49,3,0,0
BRDA:49,3,1,0
BRDA:49,4,0,0
BRDA:49,4,1,0
BRDA:103,5,0,0
BRDA:103,5,1,8
BRDA:103,6,0,8
BRDA:103,6,1,4
BRDA:114,7,0,0
BRDA:114,7,1,8
BRDA:114,8,0,8
BRDA:114,8,1,4
BRF:18
BRH:10
end_of_record
TN:
SF:src\screens\LoginScreen\styles.ts
FNF:0
FNH:0
DA:5,1
LF:1
LH:1
BRF:0
BRH:0
end_of_record
TN:
SF:src\screens\OnboardingScreen\OnboardingScreen.tsx
FN:11,(anonymous_0)
FN:29,(anonymous_1)
FNF:2
FNH:1
FNDA:2,(anonymous_0)
FNDA:0,(anonymous_1)
DA:11,1
DA:12,2
DA:13,1
DA:29,0
LF:4
LH:3
BRF:0
BRH:0
end_of_record
TN:
SF:src\screens\OnboardingScreen\styles.ts
FNF:0
FNH:0
DA:6,1
LF:1
LH:1
BRF:0
BRH:0
end_of_record
TN:
SF:src\screens\ProductDetailsScreen\ProductDetailsScreen.tsx
FN:16,(anonymous_0)
FN:21,(anonymous_1)
FN:42,(anonymous_2)
FN:68,(anonymous_3)
FNF:4
FNH:1
FNDA:2,(anonymous_0)
FNDA:0,(anonymous_1)
FNDA:0,(anonymous_2)
FNDA:0,(anonymous_3)
DA:16,1
DA:17,2
DA:18,1
DA:19,1
DA:21,1
DA:22,0
DA:23,0
DA:26,1
DA:42,0
DA:68,0
LF:10
LH:6
BRF:0
BRH:0
end_of_record
TN:
SF:src\screens\ProductDetailsScreen\styles.ts
FNF:0
FNH:0
DA:6,1
LF:1
LH:1
BRF:0
BRH:0
end_of_record
TN:
SF:src\screens\SignupScreen\SignupScreen.tsx
FN:25,(anonymous_0)
FN:27,(anonymous_1)
FN:39,(anonymous_2)
FN:40,(anonymous_3)
FN:51,(anonymous_4)
FN:102,(anonymous_5)
FN:117,(anonymous_6)
FN:127,(anonymous_7)
FN:137,(anonymous_8)
FN:151,(anonymous_9)
FN:165,(anonymous_10)
FN:197,(anonymous_11)
FNF:12
FNH:3
FNDA:3,(anonymous_0)
FNDA:4,(anonymous_1)
FNDA:0,(anonymous_2)
FNDA:0,(anonymous_3)
FNDA:0,(anonymous_4)
FNDA:20,(anonymous_5)
FNDA:0,(anonymous_6)
FNDA:0,(anonymous_7)
FNDA:0,(anonymous_8)
FNDA:0,(anonymous_9)
FNDA:0,(anonymous_10)
FNDA:0,(anonymous_11)
DA:25,1
DA:26,3
DA:27,4
DA:28,2
DA:30,2
DA:37,2
DA:39,2
DA:40,0
DA:41,0
DA:42,0
DA:52,0
DA:58,0
DA:65,0
DA:66,0
DA:70,2
DA:111,20
DA:117,0
DA:127,0
DA:137,0
DA:151,0
DA:165,0
DA:198,0
LF:22
LH:9
BRDA:41,0,0,0
BRDA:41,0,1,0
BRDA:118,1,0,0
BRDA:118,1,1,20
BRDA:118,2,0,20
BRDA:118,2,1,13
BRDA:128,3,0,2
BRDA:128,3,1,18
BRDA:128,4,0,20
BRDA:128,4,1,13
BRDA:141,5,0,4
BRDA:141,5,1,16
BRDA:141,6,0,20
BRDA:141,6,1,13
BRDA:153,7,0,11
BRDA:153,7,1,9
BRDA:153,8,0,20
BRDA:153,8,1,13
BRDA:167,9,0,8
BRDA:167,9,1,12
BRDA:167,10,0,20
BRDA:167,10,1,13
BRF:22
BRH:19
end_of_record
TN:
SF:src\screens\SignupScreen\styles.ts
FNF:0
FNH:0
DA:5,1
LF:1
LH:1
BRF:0
BRH:0
end_of_record
TN:
SF:src\screens\SpecialOffersScreen\SpecialOffersScreen.tsx
FN:13,(anonymous_0)
FN:19,(anonymous_1)
FN:23,(anonymous_2)
FN:28,(anonymous_3)
FN:29,(anonymous_4)
FN:43,(anonymous_5)
FN:53,(anonymous_6)
FN:60,(anonymous_7)
FNF:8
FNH:2
FNDA:2,(anonymous_0)
FNDA:0,(anonymous_1)
FNDA:0,(anonymous_2)
FNDA:0,(anonymous_3)
FNDA:0,(anonymous_4)
FNDA:0,(anonymous_5)
FNDA:6,(anonymous_6)
FNDA:0,(anonymous_7)
DA:13,1
DA:14,2
DA:15,1
DA:16,1
DA:17,1
DA:19,1
DA:20,0
DA:23,1
DA:24,0
DA:28,1
DA:29,0
DA:30,0
DA:32,0
DA:35,1
DA:44,0
DA:45,0
DA:54,6
DA:60,0
LF:18
LH:10
BRF:0
BRH:0
end_of_record
TN:
SF:src\screens\SpecialOffersScreen\styles.ts
FNF:0
FNH:0
DA:6,1
LF:1
LH:1
BRF:0
BRH:0
end_of_record
TN:
SF:src\utils\baselocalization.ts
FNF:0
FNH:0
LF:0
LH:0
BRF:0
BRH:0
end_of_record
TN:
SF:src\utils\images.ts
FNF:0
FNH:0
DA:1,6
DA:3,6
DA:10,6
DA:16,6
DA:22,6
DA:29,6
DA:60,6
LF:7
LH:7
BRF:0
BRH:0
end_of_record
TN:
SF:src\utils\productDetails.ts
FNF:0
FNH:0
DA:1,1
DA:3,1
LF:2
LH:2
BRF:0
BRH:0
end_of_record
TN:
SF:src\utils\themes.ts
FNF:0
FNH:0
DA:1,15
LF:1
LH:1
BRF:0
BRH:0
end_of_record
TN:
SF:src\utils\validations.ts
FN:3,(anonymous_0)
FN:26,(anonymous_1)
FN:33,(anonymous_2)
FN:43,(anonymous_3)
FNF:4
FNH:3
FNDA:4,(anonymous_0)
FNDA:0,(anonymous_1)
FNDA:2,(anonymous_2)
FNDA:2,(anonymous_3)
DA:3,2
DA:4,4
DA:26,0
DA:33,4
DA:34,2
DA:43,4
DA:44,2
DA:47,4
LF:8
LH:7
BRF:0
BRH:0
end_of_record
